SF:/home/robi/Desktop/Credence-Contracts/contracts/credence_bond/src/access_control.rs
FN:156,_RNCNvNtCskFAlqsG4ZKB_13credence_bond14access_control25require_admin_or_verifier0B5_
FN:245,_RNCNvNtCskFAlqsG4ZKB_13credence_bond14access_control8is_admin0B5_
FN:259,_RNCNvNtCskFAlqsG4ZKB_13credence_bond14access_control9get_admin0B5_
FN:227,_RNvNtCskFAlqsG4ZKB_13credence_bond14access_control11is_verifier
FN:56,_RNvNtCskFAlqsG4ZKB_13credence_bond14access_control13require_admin
FN:90,_RNvNtCskFAlqsG4ZKB_13credence_bond14access_control16require_verifier
FN:189,_RNvNtCskFAlqsG4ZKB_13credence_bond14access_control17add_verifier_role
FN:265,_RNvNtCskFAlqsG4ZKB_13credence_bond14access_control18build_verifier_key
FN:271,_RNvNtCskFAlqsG4ZKB_13credence_bond14access_control18emit_access_denied
FN:212,_RNvNtCskFAlqsG4ZKB_13credence_bond14access_control20remove_verifier_role
FN:126,_RNvNtCskFAlqsG4ZKB_13credence_bond14access_control22require_identity_owner
FN:150,_RNvNtCskFAlqsG4ZKB_13credence_bond14access_control25require_admin_or_verifier
FN:240,_RNvNtCskFAlqsG4ZKB_13credence_bond14access_control8is_admin
FN:254,_RNvNtCskFAlqsG4ZKB_13credence_bond14access_control9get_admin
FN:156,_RNCNvNtCs797NzpV75uh_13credence_bond14access_control25require_admin_or_verifier0B5_
FN:245,_RNCNvNtCs797NzpV75uh_13credence_bond14access_control8is_admin0B5_
FN:259,_RNCNvNtCs797NzpV75uh_13credence_bond14access_control9get_admin0B5_
FN:227,_RNvNtCs797NzpV75uh_13credence_bond14access_control11is_verifier
FN:56,_RNvNtCs797NzpV75uh_13credence_bond14access_control13require_admin
FN:90,_RNvNtCs797NzpV75uh_13credence_bond14access_control16require_verifier
FN:189,_RNvNtCs797NzpV75uh_13credence_bond14access_control17add_verifier_role
FN:265,_RNvNtCs797NzpV75uh_13credence_bond14access_control18build_verifier_key
FN:271,_RNvNtCs797NzpV75uh_13credence_bond14access_control18emit_access_denied
FN:212,_RNvNtCs797NzpV75uh_13credence_bond14access_control20remove_verifier_role
FN:126,_RNvNtCs797NzpV75uh_13credence_bond14access_control22require_identity_owner
FN:150,_RNvNtCs797NzpV75uh_13credence_bond14access_control25require_admin_or_verifier
FN:240,_RNvNtCs797NzpV75uh_13credence_bond14access_control8is_admin
FN:254,_RNvNtCs797NzpV75uh_13credence_bond14access_control9get_admin
FNDA:2,_RNCNvNtCskFAlqsG4ZKB_13credence_bond14access_control25require_admin_or_verifier0B5_
FNDA:2,_RNCNvNtCskFAlqsG4ZKB_13credence_bond14access_control8is_admin0B5_
FNDA:0,_RNCNvNtCskFAlqsG4ZKB_13credence_bond14access_control9get_admin0B5_
FNDA:13,_RNvNtCskFAlqsG4ZKB_13credence_bond14access_control11is_verifier
FNDA:69,_RNvNtCskFAlqsG4ZKB_13credence_bond14access_control13require_admin
FNDA:62,_RNvNtCskFAlqsG4ZKB_13credence_bond14access_control16require_verifier
FNDA:63,_RNvNtCskFAlqsG4ZKB_13credence_bond14access_control17add_verifier_role
FNDA:143,_RNvNtCskFAlqsG4ZKB_13credence_bond14access_control18build_verifier_key
FNDA:8,_RNvNtCskFAlqsG4ZKB_13credence_bond14access_control18emit_access_denied
FNDA:3,_RNvNtCskFAlqsG4ZKB_13credence_bond14access_control20remove_verifier_role
FNDA:2,_RNvNtCskFAlqsG4ZKB_13credence_bond14access_control22require_identity_owner
FNDA:3,_RNvNtCskFAlqsG4ZKB_13credence_bond14access_control25require_admin_or_verifier
FNDA:2,_RNvNtCskFAlqsG4ZKB_13credence_bond14access_control8is_admin
FNDA:1,_RNvNtCskFAlqsG4ZKB_13credence_bond14access_control9get_admin
FNDA:0,_RNCNvNtCs797NzpV75uh_13credence_bond14access_control25require_admin_or_verifier0B5_
FNDA:0,_RNCNvNtCs797NzpV75uh_13credence_bond14access_control8is_admin0B5_
FNDA:0,_RNCNvNtCs797NzpV75uh_13credence_bond14access_control9get_admin0B5_
FNDA:0,_RNvNtCs797NzpV75uh_13credence_bond14access_control11is_verifier
FNDA:8,_RNvNtCs797NzpV75uh_13credence_bond14access_control13require_admin
FNDA:12,_RNvNtCs797NzpV75uh_13credence_bond14access_control16require_verifier
FNDA:8,_RNvNtCs797NzpV75uh_13credence_bond14access_control17add_verifier_role
FNDA:20,_RNvNtCs797NzpV75uh_13credence_bond14access_control18build_verifier_key
FNDA:0,_RNvNtCs797NzpV75uh_13credence_bond14access_control18emit_access_denied
FNDA:0,_RNvNtCs797NzpV75uh_13credence_bond14access_control20remove_verifier_role
FNDA:0,_RNvNtCs797NzpV75uh_13credence_bond14access_control22require_identity_owner
FNDA:0,_RNvNtCs797NzpV75uh_13credence_bond14access_control25require_admin_or_verifier
FNDA:0,_RNvNtCs797NzpV75uh_13credence_bond14access_control8is_admin
FNDA:0,_RNvNtCs797NzpV75uh_13credence_bond14access_control9get_admin
FNF:14
FNH:13
DA:56,77
DA:57,77
DA:59,77
DA:60,76
DA:61,76
DA:62,1
DA:63,1
DA:64,75
DA:67,1
DA:68,1
DA:71,75
DA:90,74
DA:91,74
DA:93,74
DA:94,74
DA:95,74
DA:96,74
DA:98,70
DA:99,70
DA:100,70
DA:102,4
DA:103,4
DA:106,70
DA:126,2
DA:127,2
DA:128,1
DA:129,1
DA:130,1
DA:131,1
DA:150,3
DA:151,3
DA:152,3
DA:153,3
DA:154,3
DA:155,3
DA:156,3
DA:157,3
DA:159,3
DA:160,1
DA:161,2
DA:163,2
DA:164,2
DA:165,2
DA:166,2
DA:167,2
DA:168,2
DA:170,2
DA:171,1
DA:172,1
DA:173,1
DA:174,2
DA:189,71
DA:190,71
DA:192,71
DA:193,71
DA:195,71
DA:196,71
DA:197,71
DA:212,3
DA:213,3
DA:215,3
DA:216,3
DA:218,3
DA:219,3
DA:220,3
DA:227,13
DA:228,13
DA:229,13
DA:230,13
DA:231,13
DA:232,13
DA:233,13
DA:240,2
DA:241,2
DA:242,2
DA:243,2
DA:244,2
DA:245,2
DA:246,2
DA:247,2
DA:254,1
DA:255,1
DA:256,1
DA:257,1
DA:258,1
DA:259,1
DA:260,1
DA:265,163
DA:267,163
DA:268,163
DA:271,8
DA:272,8
DA:273,1
DA:274,5
DA:275,1
DA:276,1
DA:279,8
DA:280,8
DA:281,8
DA:283,8
BRF:0
BRH:0
LF:103
LH:102
end_of_record
SF:/home/robi/Desktop/Credence-Contracts/contracts/credence_bond/src/batch.rs
FN:21,_RNvXs6_NtCskFAlqsG4ZKB_13credence_bond5batchNtNtNtCs7FLbHJEh6JY_11stellar_xdr4curr9generated5ScValINtNtCs7dTDQl1DYhd_4core7convert7TryFromRNtB5_15BatchBondParamsE8try_from
FN:37,_RNvXsi_NtCskFAlqsG4ZKB_13credence_bond5batchNtNtNtCs7FLbHJEh6JY_11stellar_xdr4curr9generated5ScValINtNtCs7dTDQl1DYhd_4core7convert7TryFromRNtB5_15BatchBondResultE8try_from
FN:246,_RNvNtNtCskFAlqsG4ZKB_13credence_bond5batch5testss_27test_get_batch_total_amount
FN:203,_RNvNtCskFAlqsG4ZKB_13credence_bond5batch14validate_batch
FN:130,_RNvNtCskFAlqsG4ZKB_13credence_bond5batch18create_batch_bonds
FN:46,_RNvNtCskFAlqsG4ZKB_13credence_bond5batch19validate_batch_size
FN:61,_RNvNtCskFAlqsG4ZKB_13credence_bond5batch20validate_batch_bonds
FN:221,_RNvNtCskFAlqsG4ZKB_13credence_bond5batch22get_batch_total_amount
FN:21,_RNvXs6_NtCs797NzpV75uh_13credence_bond5batchNtNtNtCs7FLbHJEh6JY_11stellar_xdr4curr9generated5ScValINtNtCs7dTDQl1DYhd_4core7convert7TryFromRNtB5_15BatchBondParamsE8try_from
FN:37,_RNvXsi_NtCs797NzpV75uh_13credence_bond5batchNtNtNtCs7FLbHJEh6JY_11stellar_xdr4curr9generated5ScValINtNtCs7dTDQl1DYhd_4core7convert7TryFromRNtB5_15BatchBondResultE8try_from
FN:203,_RNvNtCs797NzpV75uh_13credence_bond5batch14validate_batch
FN:130,_RNvNtCs797NzpV75uh_13credence_bond5batch18create_batch_bonds
FN:46,_RNvNtCs797NzpV75uh_13credence_bond5batch19validate_batch_size
FN:61,_RNvNtCs797NzpV75uh_13credence_bond5batch20validate_batch_bonds
FN:221,_RNvNtCs797NzpV75uh_13credence_bond5batch22get_batch_total_amount
FNDA:0,_RNvXs6_NtCskFAlqsG4ZKB_13credence_bond5batchNtNtNtCs7FLbHJEh6JY_11stellar_xdr4curr9generated5ScValINtNtCs7dTDQl1DYhd_4core7convert7TryFromRNtB5_15BatchBondParamsE8try_from
FNDA:0,_RNvXsi_NtCskFAlqsG4ZKB_13credence_bond5batchNtNtNtCs7FLbHJEh6JY_11stellar_xdr4curr9generated5ScValINtNtCs7dTDQl1DYhd_4core7convert7TryFromRNtB5_15BatchBondResultE8try_from
FNDA:1,_RNvNtNtCskFAlqsG4ZKB_13credence_bond5batch5testss_27test_get_batch_total_amount
FNDA:4,_RNvNtCskFAlqsG4ZKB_13credence_bond5batch14validate_batch
FNDA:30,_RNvNtCskFAlqsG4ZKB_13credence_bond5batch18create_batch_bonds
FNDA:38,_RNvNtCskFAlqsG4ZKB_13credence_bond5batch19validate_batch_size
FNDA:34,_RNvNtCskFAlqsG4ZKB_13credence_bond5batch20validate_batch_bonds
FNDA:7,_RNvNtCskFAlqsG4ZKB_13credence_bond5batch22get_batch_total_amount
FNDA:0,_RNvXs6_NtCs797NzpV75uh_13credence_bond5batchNtNtNtCs7FLbHJEh6JY_11stellar_xdr4curr9generated5ScValINtNtCs7dTDQl1DYhd_4core7convert7TryFromRNtB5_15BatchBondParamsE8try_from
FNDA:0,_RNvXsi_NtCs797NzpV75uh_13credence_bond5batchNtNtNtCs7FLbHJEh6JY_11stellar_xdr4curr9generated5ScValINtNtCs7dTDQl1DYhd_4core7convert7TryFromRNtB5_15BatchBondResultE8try_from
FNDA:0,_RNvNtCs797NzpV75uh_13credence_bond5batch14validate_batch
FNDA:0,_RNvNtCs797NzpV75uh_13credence_bond5batch18create_batch_bonds
FNDA:0,_RNvNtCs797NzpV75uh_13credence_bond5batch19validate_batch_size
FNDA:0,_RNvNtCs797NzpV75uh_13credence_bond5batch20validate_batch_bonds
FNDA:0,_RNvNtCs797NzpV75uh_13credence_bond5batch22get_batch_total_amount
FNF:8
FNH:6
DA:21,0
DA:37,0
DA:46,38
DA:47,38
DA:48,6
DA:49,32
DA:50,32
DA:61,34
DA:62,34
DA:63,2
DA:64,32
DA:66,32
DA:68,32
DA:70,115
DA:71,115
DA:74,115
DA:75,6
DA:76,109
DA:79,109
DA:80,2
DA:81,107
DA:84,107
DA:85,7
DA:86,100
DA:88,17
DA:130,30
DA:132,30
DA:134,30
DA:135,30
DA:138,74
DA:139,74
DA:140,74
DA:144,74
DA:145,16
DA:146,58
DA:150,73
DA:151,73
DA:152,73
DA:153,73
DA:154,73
DA:155,73
DA:156,73
DA:157,73
DA:158,73
DA:159,73
DA:160,73
DA:161,73
DA:162,73
DA:163,73
DA:164,73
DA:165,73
DA:166,73
DA:167,73
DA:168,73
DA:169,73
DA:170,73
DA:171,73
DA:172,73
DA:173,73
DA:174,73
DA:176,14
DA:178,14
DA:179,14
DA:180,14
DA:181,14
DA:184,14
DA:185,14
DA:187,14
DA:188,14
DA:203,4
DA:204,4
DA:205,4
DA:206,4
DA:221,7
DA:222,7
DA:223,1
DA:224,6
DA:226,6
DA:228,6
DA:230,26
DA:231,26
DA:232,26
DA:233,26
DA:234,26
DA:235,26
DA:237,6
DA:238,7
DA:246,1
DA:247,1
DA:248,1
DA:250,1
DA:251,1
DA:253,1
DA:254,1
DA:255,1
DA:256,1
DA:257,1
DA:258,1
DA:259,1
DA:261,1
DA:262,1
DA:263,1
DA:264,1
DA:265,1
DA:266,1
DA:267,1
DA:269,1
DA:270,1
DA:271,1
BRF:0
BRH:0
LF:109
LH:107
end_of_record
SF:/home/robi/Desktop/Credence-Contracts/contracts/credence_bond/src/claims.rs
FN:94,_RNvMNtCskFAlqsG4ZKB_13credence_bond6claimsNtB4_7DataKey11claim_by_id
FN:89,_RNvMNtCskFAlqsG4ZKB_13credence_bond6claimsNtB4_7DataKey13claim_counter
FN:79,_RNvMNtCskFAlqsG4ZKB_13credence_bond6claimsNtB4_7DataKey14pending_claims
FN:84,_RNvMNtCskFAlqsG4ZKB_13credence_bond6claimsNtB4_7DataKey16claimable_amount
FN:27,_RNvXs3_NtCskFAlqsG4ZKB_13credence_bond6claimsNtB5_9ClaimTypeINtNtCsevZT0aDcvzq_18soroban_env_common7convert10TryFromValNtNtCsjtdLMLIdwJ5_11soroban_sdk3env3EnvNtNtNtCs7FLbHJEh6JY_11stellar_xdr4curr9generated5ScValE12try_from_val
FN:43,_RNvXsl_NtCskFAlqsG4ZKB_13credence_bond6claimsNtNtNtCs7FLbHJEh6JY_11stellar_xdr4curr9generated5ScValINtNtCs7dTDQl1DYhd_4core7convert7TryFromRNtB5_12PendingClaimE8try_from
FN:65,_RNvXsx_NtCskFAlqsG4ZKB_13credence_bond6claimsNtNtNtCs7FLbHJEh6JY_11stellar_xdr4curr9generated5ScValINtNtCs7dTDQl1DYhd_4core7convert7TryFromRNtB5_11ClaimResultE8try_from
FN:279,_RNvNtCskFAlqsG4ZKB_13credence_bond6claims14process_claims
FN:111,_RNvNtCskFAlqsG4ZKB_13credence_bond6claims17add_pending_claim
FN:181,_RNvNtCskFAlqsG4ZKB_13credence_bond6claims17get_next_claim_id
FN:563,_RNvNtCskFAlqsG4ZKB_13credence_bond6claims18get_claims_summary
FN:200,_RNvNtCskFAlqsG4ZKB_13credence_bond6claims18get_pending_claims
FN:215,_RNvNtCskFAlqsG4ZKB_13credence_bond6claims20get_claimable_amount
FN:500,_RNvNtCskFAlqsG4ZKB_13credence_bond6claims22cleanup_expired_claims
FN:420,_RNvNtCskFAlqsG4ZKB_13credence_bond6claims24process_claims_paginated
FN:233,_RNvNtCskFAlqsG4ZKB_13credence_bond6claims28get_pending_claims_paginated
FN:420,_RNvNtCs797NzpV75uh_13credence_bond6claims24process_claims_paginated
FN:233,_RNvNtCs797NzpV75uh_13credence_bond6claims28get_pending_claims_paginated
FN:27,_RNvXs3_NtCs797NzpV75uh_13credence_bond6claimsNtB5_9ClaimTypeINtNtCsevZT0aDcvzq_18soroban_env_common7convert10TryFromValNtNtCsjtdLMLIdwJ5_11soroban_sdk3env3EnvNtNtNtCs7FLbHJEh6JY_11stellar_xdr4curr9generated5ScValE12try_from_val
FN:43,_RNvXsl_NtCs797NzpV75uh_13credence_bond6claimsNtNtNtCs7FLbHJEh6JY_11stellar_xdr4curr9generated5ScValINtNtCs7dTDQl1DYhd_4core7convert7TryFromRNtB5_12PendingClaimE8try_from
FN:65,_RNvXsx_NtCs797NzpV75uh_13credence_bond6claimsNtNtNtCs7FLbHJEh6JY_11stellar_xdr4curr9generated5ScValINtNtCs7dTDQl1DYhd_4core7convert7TryFromRNtB5_11ClaimResultE8try_from
FN:279,_RNvNtCs797NzpV75uh_13credence_bond6claims14process_claims
FN:111,_RNvNtCs797NzpV75uh_13credence_bond6claims17add_pending_claim
FN:181,_RNvNtCs797NzpV75uh_13credence_bond6claims17get_next_claim_id
FN:563,_RNvNtCs797NzpV75uh_13credence_bond6claims18get_claims_summary
FN:200,_RNvNtCs797NzpV75uh_13credence_bond6claims18get_pending_claims
FN:215,_RNvNtCs797NzpV75uh_13credence_bond6claims20get_claimable_amount
FN:500,_RNvNtCs797NzpV75uh_13credence_bond6claims22cleanup_expired_claims
FN:94,_RNvMNtCs797NzpV75uh_13credence_bond6claimsNtB4_7DataKey11claim_by_id
FN:89,_RNvMNtCs797NzpV75uh_13credence_bond6claimsNtB4_7DataKey13claim_counter
FN:79,_RNvMNtCs797NzpV75uh_13credence_bond6claimsNtB4_7DataKey14pending_claims
FN:84,_RNvMNtCs797NzpV75uh_13credence_bond6claimsNtB4_7DataKey16claimable_amount
FNDA:0,_RNvMNtCskFAlqsG4ZKB_13credence_bond6claimsNtB4_7DataKey11claim_by_id
FNDA:0,_RNvMNtCskFAlqsG4ZKB_13credence_bond6claimsNtB4_7DataKey13claim_counter
FNDA:0,_RNvMNtCskFAlqsG4ZKB_13credence_bond6claimsNtB4_7DataKey14pending_claims
FNDA:0,_RNvMNtCskFAlqsG4ZKB_13credence_bond6claimsNtB4_7DataKey16claimable_amount
FNDA:0,_RNvXs3_NtCskFAlqsG4ZKB_13credence_bond6claimsNtB5_9ClaimTypeINtNtCsevZT0aDcvzq_18soroban_env_common7convert10TryFromValNtNtCsjtdLMLIdwJ5_11soroban_sdk3env3EnvNtNtNtCs7FLbHJEh6JY_11stellar_xdr4curr9generated5ScValE12try_from_val
FNDA:0,_RNvXsl_NtCskFAlqsG4ZKB_13credence_bond6claimsNtNtNtCs7FLbHJEh6JY_11stellar_xdr4curr9generated5ScValINtNtCs7dTDQl1DYhd_4core7convert7TryFromRNtB5_12PendingClaimE8try_from
FNDA:0,_RNvXsx_NtCskFAlqsG4ZKB_13credence_bond6claimsNtNtNtCs7FLbHJEh6JY_11stellar_xdr4curr9generated5ScValINtNtCs7dTDQl1DYhd_4core7convert7TryFromRNtB5_11ClaimResultE8try_from
FNDA:2,_RNvNtCskFAlqsG4ZKB_13credence_bond6claims14process_claims
FNDA:242,_RNvNtCskFAlqsG4ZKB_13credence_bond6claims17add_pending_claim
FNDA:242,_RNvNtCskFAlqsG4ZKB_13credence_bond6claims17get_next_claim_id
FNDA:0,_RNvNtCskFAlqsG4ZKB_13credence_bond6claims18get_claims_summary
FNDA:7,_RNvNtCskFAlqsG4ZKB_13credence_bond6claims18get_pending_claims
FNDA:4,_RNvNtCskFAlqsG4ZKB_13credence_bond6claims20get_claimable_amount
FNDA:1,_RNvNtCskFAlqsG4ZKB_13credence_bond6claims22cleanup_expired_claims
FNDA:1,_RNvNtCskFAlqsG4ZKB_13credence_bond6claims24process_claims_paginated
FNDA:2,_RNvNtCskFAlqsG4ZKB_13credence_bond6claims28get_pending_claims_paginated
FNDA:0,_RNvNtCs797NzpV75uh_13credence_bond6claims24process_claims_paginated
FNDA:0,_RNvNtCs797NzpV75uh_13credence_bond6claims28get_pending_claims_paginated
FNDA:0,_RNvXs3_NtCs797NzpV75uh_13credence_bond6claimsNtB5_9ClaimTypeINtNtCsevZT0aDcvzq_18soroban_env_common7convert10TryFromValNtNtCsjtdLMLIdwJ5_11soroban_sdk3env3EnvNtNtNtCs7FLbHJEh6JY_11stellar_xdr4curr9generated5ScValE12try_from_val
FNDA:0,_RNvXsl_NtCs797NzpV75uh_13credence_bond6claimsNtNtNtCs7FLbHJEh6JY_11stellar_xdr4curr9generated5ScValINtNtCs7dTDQl1DYhd_4core7convert7TryFromRNtB5_12PendingClaimE8try_from
FNDA:0,_RNvXsx_NtCs797NzpV75uh_13credence_bond6claimsNtNtNtCs7FLbHJEh6JY_11stellar_xdr4curr9generated5ScValINtNtCs7dTDQl1DYhd_4core7convert7TryFromRNtB5_11ClaimResultE8try_from
FNDA:5,_RNvNtCs797NzpV75uh_13credence_bond6claims14process_claims
FNDA:12,_RNvNtCs797NzpV75uh_13credence_bond6claims17add_pending_claim
FNDA:12,_RNvNtCs797NzpV75uh_13credence_bond6claims17get_next_claim_id
FNDA:1,_RNvNtCs797NzpV75uh_13credence_bond6claims18get_claims_summary
FNDA:7,_RNvNtCs797NzpV75uh_13credence_bond6claims18get_pending_claims
FNDA:1,_RNvNtCs797NzpV75uh_13credence_bond6claims20get_claimable_amount
FNDA:1,_RNvNtCs797NzpV75uh_13credence_bond6claims22cleanup_expired_claims
FNDA:0,_RNvMNtCs797NzpV75uh_13credence_bond6claimsNtB4_7DataKey11claim_by_id
FNDA:0,_RNvMNtCs797NzpV75uh_13credence_bond6claimsNtB4_7DataKey13claim_counter
FNDA:0,_RNvMNtCs797NzpV75uh_13credence_bond6claimsNtB4_7DataKey14pending_claims
FNDA:0,_RNvMNtCs797NzpV75uh_13credence_bond6claimsNtB4_7DataKey16claimable_amount
FNF:16
FNH:9
DA:27,0
DA:43,0
DA:65,0
DA:79,0
DA:80,0
DA:81,0
DA:84,0
DA:85,0
DA:86,0
DA:89,0
DA:90,0
DA:91,0
DA:94,0
DA:95,0
DA:96,0
DA:111,254
DA:112,254
DA:113,254
DA:114,254
DA:115,254
DA:116,254
DA:117,254
DA:118,254
DA:119,254
DA:120,0
DA:121,254
DA:124,254
DA:126,254
DA:127,254
DA:129,254
DA:130,254
DA:131,254
DA:132,254
DA:133,254
DA:134,254
DA:135,254
DA:136,254
DA:137,254
DA:138,254
DA:141,254
DA:142,254
DA:143,254
DA:146,254
DA:147,254
DA:148,254
DA:149,254
DA:150,254
DA:152,254
DA:155,254
DA:156,254
DA:157,254
DA:160,254
DA:161,254
DA:162,254
DA:163,254
DA:164,254
DA:166,254
DA:167,254
DA:168,254
DA:170,254
DA:171,254
DA:172,254
DA:175,254
DA:177,254
DA:178,254
DA:181,254
DA:182,254
DA:183,254
DA:184,254
DA:185,254
DA:186,254
DA:187,254
DA:188,254
DA:189,254
DA:190,254
DA:200,14
DA:201,14
DA:202,14
DA:203,14
DA:204,14
DA:205,14
DA:215,5
DA:216,5
DA:217,5
DA:218,5
DA:219,5
DA:220,5
DA:233,2
DA:234,2
DA:235,2
DA:236,2
DA:237,2
DA:238,2
DA:239,2
DA:241,2
DA:242,2
DA:243,2
DA:244,2
DA:245,2
DA:247,2
DA:248,2
DA:250,6
DA:251,6
DA:252,1
DA:253,5
DA:254,5
DA:255,5
DA:256,3
DA:257,3
DA:258,3
DA:259,0
DA:262,2
DA:263,2
DA:279,7
DA:280,7
DA:281,7
DA:282,7
DA:283,7
DA:284,7
DA:285,7
DA:287,7
DA:288,7
DA:290,7
DA:291,1
DA:292,6
DA:295,6
DA:296,6
DA:297,3
DA:298,3
DA:299,3
DA:300,3
DA:301,3
DA:303,3
DA:306,6
DA:307,6
DA:308,6
DA:309,6
DA:310,6
DA:311,4
DA:313,2
DA:317,10
DA:318,10
DA:320,5
DA:321,5
DA:322,5
DA:323,2
DA:324,8
DA:326,8
DA:329,8
DA:330,1
DA:331,7
DA:334,7
DA:335,1
DA:336,1
DA:337,6
DA:340,6
DA:341,6
DA:342,6
DA:343,6
DA:346,6
DA:347,6
DA:348,1
DA:349,1
DA:350,1
DA:351,0
DA:353,6
DA:354,5
DA:355,5
DA:358,6
DA:359,1
DA:360,5
DA:363,5
DA:364,3
DA:365,3
DA:366,3
DA:367,3
DA:368,3
DA:369,3
DA:370,3
DA:371,2
DA:372,2
DA:373,2
DA:374,2
DA:375,2
DA:376,2
DA:377,2
DA:378,2
DA:379,2
DA:380,2
DA:381,2
DA:382,2
DA:385,5
DA:386,5
DA:387,5
DA:388,5
DA:389,5
DA:390,5
DA:391,5
DA:392,5
DA:393,5
DA:394,5
DA:396,5
DA:397,5
DA:398,5
DA:399,5
DA:400,5
DA:403,5
DA:405,5
DA:406,5
DA:420,1
DA:421,1
DA:422,1
DA:423,1
DA:424,1
DA:425,1
DA:426,1
DA:427,1
DA:429,1
DA:430,1
DA:431,1
DA:432,1
DA:433,1
DA:435,1
DA:436,1
DA:437,1
DA:438,1
DA:439,1
DA:441,3
DA:442,3
DA:444,3
DA:445,1
DA:446,1
DA:447,1
DA:448,2
DA:451,2
DA:452,0
DA:453,0
DA:454,2
DA:457,2
DA:458,0
DA:460,2
DA:461,2
DA:462,2
DA:463,1
DA:464,1
DA:465,1
DA:467,2
DA:470,2
DA:471,1
DA:472,1
DA:473,1
DA:474,1
DA:475,1
DA:476,1
DA:477,0
DA:481,1
DA:482,1
DA:483,1
DA:485,1
DA:486,1
DA:487,1
DA:488,1
DA:489,1
DA:490,1
DA:500,2
DA:501,2
DA:502,2
DA:504,2
DA:505,0
DA:506,2
DA:508,2
DA:509,2
DA:510,2
DA:512,3
DA:513,3
DA:515,3
DA:516,1
DA:517,1
DA:518,1
DA:519,1
DA:520,2
DA:521,2
DA:522,2
DA:525,2
DA:527,1
DA:528,0
DA:529,0
DA:530,0
DA:531,0
DA:532,0
DA:533,0
DA:534,1
DA:535,1
DA:536,1
DA:537,1
DA:538,1
DA:539,1
DA:540,1
DA:541,1
DA:542,1
DA:543,1
DA:544,1
DA:545,1
DA:546,1
DA:549,1
DA:550,1
DA:552,2
DA:553,2
DA:563,1
DA:564,1
DA:565,1
DA:567,1
DA:568,1
DA:569,1
DA:570,1
DA:571,1
DA:573,1
DA:574,1
BRF:0
BRH:0
LF:318
LH:287
end_of_record
SF:/home/robi/Desktop/Credence-Contracts/contracts/credence_bond/src/cooldown.rs
FN:49,_RNvNtCskFAlqsG4ZKB_13credence_bond8cooldown12can_withdraw
FN:38,_RNvNtCskFAlqsG4ZKB_13credence_bond8cooldown18is_cooldown_active
FN:27,_RNvNtCskFAlqsG4ZKB_13credence_bond8cooldown19get_cooldown_period
FN:20,_RNvNtCskFAlqsG4ZKB_13credence_bond8cooldown19set_cooldown_period
FN:66,_RNvNtCskFAlqsG4ZKB_13credence_bond8cooldown22emit_cooldown_executed
FN:74,_RNvNtCskFAlqsG4ZKB_13credence_bond8cooldown23emit_cooldown_cancelled
FN:58,_RNvNtCskFAlqsG4ZKB_13credence_bond8cooldown23emit_cooldown_requested
FN:80,_RNvNtCskFAlqsG4ZKB_13credence_bond8cooldown28emit_cooldown_period_updated
FN:38,_RNvNtCs797NzpV75uh_13credence_bond8cooldown18is_cooldown_active
FN:49,_RNvNtCs797NzpV75uh_13credence_bond8cooldown12can_withdraw
FN:27,_RNvNtCs797NzpV75uh_13credence_bond8cooldown19get_cooldown_period
FN:20,_RNvNtCs797NzpV75uh_13credence_bond8cooldown19set_cooldown_period
FN:66,_RNvNtCs797NzpV75uh_13credence_bond8cooldown22emit_cooldown_executed
FN:74,_RNvNtCs797NzpV75uh_13credence_bond8cooldown23emit_cooldown_cancelled
FN:58,_RNvNtCs797NzpV75uh_13credence_bond8cooldown23emit_cooldown_requested
FN:80,_RNvNtCs797NzpV75uh_13credence_bond8cooldown28emit_cooldown_period_updated
FNDA:16,_RNvNtCskFAlqsG4ZKB_13credence_bond8cooldown12can_withdraw
FNDA:5,_RNvNtCskFAlqsG4ZKB_13credence_bond8cooldown18is_cooldown_active
FNDA:74,_RNvNtCskFAlqsG4ZKB_13credence_bond8cooldown19get_cooldown_period
FNDA:31,_RNvNtCskFAlqsG4ZKB_13credence_bond8cooldown19set_cooldown_period
FNDA:8,_RNvNtCskFAlqsG4ZKB_13credence_bond8cooldown22emit_cooldown_executed
FNDA:3,_RNvNtCskFAlqsG4ZKB_13credence_bond8cooldown23emit_cooldown_cancelled
FNDA:19,_RNvNtCskFAlqsG4ZKB_13credence_bond8cooldown23emit_cooldown_requested
FNDA:31,_RNvNtCskFAlqsG4ZKB_13credence_bond8cooldown28emit_cooldown_period_updated
FNDA:0,_RNvNtCs797NzpV75uh_13credence_bond8cooldown18is_cooldown_active
FNDA:0,_RNvNtCs797NzpV75uh_13credence_bond8cooldown12can_withdraw
FNDA:0,_RNvNtCs797NzpV75uh_13credence_bond8cooldown19get_cooldown_period
FNDA:0,_RNvNtCs797NzpV75uh_13credence_bond8cooldown19set_cooldown_period
FNDA:0,_RNvNtCs797NzpV75uh_13credence_bond8cooldown22emit_cooldown_executed
FNDA:0,_RNvNtCs797NzpV75uh_13credence_bond8cooldown23emit_cooldown_cancelled
FNDA:0,_RNvNtCs797NzpV75uh_13credence_bond8cooldown23emit_cooldown_requested
FNDA:0,_RNvNtCs797NzpV75uh_13credence_bond8cooldown28emit_cooldown_period_updated
FNF:8
FNH:8
DA:20,31
DA:21,31
DA:22,31
DA:23,31
DA:24,31
DA:27,74
DA:28,74
DA:29,74
DA:30,74
DA:31,74
DA:32,74
DA:38,5
DA:39,5
DA:40,1
DA:41,4
DA:42,4
DA:43,4
DA:44,5
DA:49,16
DA:50,16
DA:51,1
DA:52,15
DA:53,15
DA:54,15
DA:55,16
DA:58,19
DA:59,19
DA:60,19
DA:61,19
DA:63,19
DA:66,8
DA:67,8
DA:68,8
DA:69,8
DA:71,8
DA:74,3
DA:75,3
DA:76,3
DA:77,3
DA:80,31
DA:81,31
DA:82,31
DA:83,31
DA:85,31
BRF:0
BRH:0
LF:44
LH:44
end_of_record
SF:/home/robi/Desktop/Credence-Contracts/contracts/credence_bond/src/early_exit_penalty.rs
FN:16,_RNvNtCskFAlqsG4ZKB_13credence_bond18early_exit_penalty10get_config
FN:31,_RNvNtCskFAlqsG4ZKB_13credence_bond18early_exit_penalty10set_config
FN:47,_RNvNtCskFAlqsG4ZKB_13credence_bond18early_exit_penalty17calculate_penalty
FN:71,_RNvNtCskFAlqsG4ZKB_13credence_bond18early_exit_penalty18emit_penalty_event
FN:21,_RNCNvNtCskFAlqsG4ZKB_13credence_bond18early_exit_penalty10get_config0B5_
FN:26,_RNCNvNtCskFAlqsG4ZKB_13credence_bond18early_exit_penalty10get_configs_0B5_
FN:21,_RNCNvNtCs797NzpV75uh_13credence_bond18early_exit_penalty10get_config0B5_
FN:26,_RNCNvNtCs797NzpV75uh_13credence_bond18early_exit_penalty10get_configs_0B5_
FN:16,_RNvNtCs797NzpV75uh_13credence_bond18early_exit_penalty10get_config
FN:31,_RNvNtCs797NzpV75uh_13credence_bond18early_exit_penalty10set_config
FN:47,_RNvNtCs797NzpV75uh_13credence_bond18early_exit_penalty17calculate_penalty
FN:71,_RNvNtCs797NzpV75uh_13credence_bond18early_exit_penalty18emit_penalty_event
FNDA:72,_RNvNtCskFAlqsG4ZKB_13credence_bond18early_exit_penalty10get_config
FNDA:10,_RNvNtCskFAlqsG4ZKB_13credence_bond18early_exit_penalty10set_config
FNDA:74,_RNvNtCskFAlqsG4ZKB_13credence_bond18early_exit_penalty17calculate_penalty
FNDA:71,_RNvNtCskFAlqsG4ZKB_13credence_bond18early_exit_penalty18emit_penalty_event
FNDA:1,_RNCNvNtCskFAlqsG4ZKB_13credence_bond18early_exit_penalty10get_config0B5_
FNDA:0,_RNCNvNtCskFAlqsG4ZKB_13credence_bond18early_exit_penalty10get_configs_0B5_
FNDA:0,_RNCNvNtCs797NzpV75uh_13credence_bond18early_exit_penalty10get_config0B5_
FNDA:0,_RNCNvNtCs797NzpV75uh_13credence_bond18early_exit_penalty10get_configs_0B5_
FNDA:0,_RNvNtCs797NzpV75uh_13credence_bond18early_exit_penalty10get_config
FNDA:0,_RNvNtCs797NzpV75uh_13credence_bond18early_exit_penalty10set_config
FNDA:0,_RNvNtCs797NzpV75uh_13credence_bond18early_exit_penalty17calculate_penalty
FNDA:0,_RNvNtCs797NzpV75uh_13credence_bond18early_exit_penalty18emit_penalty_event
FNF:6
FNH:5
DA:16,72
DA:17,72
DA:18,72
DA:19,72
DA:20,72
DA:21,72
DA:22,72
DA:23,72
DA:24,72
DA:25,72
DA:26,72
DA:27,72
DA:28,72
DA:31,10
DA:32,10
DA:33,1
DA:34,9
DA:35,9
DA:36,9
DA:37,9
DA:38,9
DA:39,9
DA:40,9
DA:41,9
DA:47,74
DA:48,74
DA:49,74
DA:50,74
DA:51,74
DA:52,74
DA:53,74
DA:54,1
DA:55,73
DA:56,73
DA:57,73
DA:58,73
DA:62,73
DA:63,73
DA:64,73
DA:65,73
DA:68,74
DA:71,71
DA:72,71
DA:73,71
DA:74,71
DA:75,71
DA:76,71
DA:77,71
DA:78,71
DA:79,71
DA:80,71
DA:81,71
DA:82,71
DA:83,71
DA:84,71
DA:85,71
DA:87,71
BRF:0
BRH:0
LF:59
LH:58
end_of_record
SF:/home/robi/Desktop/Credence-Contracts/contracts/credence_bond/src/emergency.rs
FN:14,_RNvXs6_NtCskFAlqsG4ZKB_13credence_bond9emergencyNtNtNtCs7FLbHJEh6JY_11stellar_xdr4curr9generated5ScValINtNtCs7dTDQl1DYhd_4core7convert7TryFromRNtB5_15EmergencyConfigE8try_from
FN:40,_RNvXsA_NtCskFAlqsG4ZKB_13credence_bond9emergencyNtNtNtCs7FLbHJEh6JY_11stellar_xdr4curr9generated5ScValINtNtCs7dTDQl1DYhd_4core7convert7TryFromRNtB5_23EmergencyModeTransitionE8try_from
FN:52,_RNvXsP_NtCskFAlqsG4ZKB_13credence_bond9emergencyNtNtNtCs7FLbHJEh6JY_11stellar_xdr4curr9generated5ScValINtNtCs7dTDQl1DYhd_4core7convert7TryFromRNtB5_16EmergencyDataKeyE8try_from
FN:24,_RNvXsl_NtCskFAlqsG4ZKB_13credence_bond9emergencyNtNtNtCs7FLbHJEh6JY_11stellar_xdr4curr9generated5ScValINtNtCs7dTDQl1DYhd_4core7convert7TryFromRNtB5_25EmergencyWithdrawalRecordE8try_from
FN:94,_RNCNvNtCskFAlqsG4ZKB_13credence_bond9emergency10get_config0B5_
FN:153,_RNCNvNtCskFAlqsG4ZKB_13credence_bond9emergency10get_record0B5_
FN:169,_RNCNvNtCskFAlqsG4ZKB_13credence_bond9emergency14get_transition0B5_
FN:90,_RNvNtCskFAlqsG4ZKB_13credence_bond9emergency10get_config
FN:149,_RNvNtCskFAlqsG4ZKB_13credence_bond9emergency10get_record
FN:67,_RNvNtCskFAlqsG4ZKB_13credence_bond9emergency10set_config
FN:102,_RNvNtCskFAlqsG4ZKB_13credence_bond9emergency11set_enabled
FN:175,_RNvNtCskFAlqsG4ZKB_13credence_bond9emergency12store_record
FN:133,_RNvNtCskFAlqsG4ZKB_13credence_bond9emergency13calculate_fee
FN:207,_RNvNtCskFAlqsG4ZKB_13credence_bond9emergency13increment_seq
FN:165,_RNvNtCskFAlqsG4ZKB_13credence_bond9emergency14get_transition
FN:141,_RNvNtCskFAlqsG4ZKB_13credence_bond9emergency16latest_record_id
FN:157,_RNvNtCskFAlqsG4ZKB_13credence_bond9emergency20latest_transition_id
FN:214,_RNvNtCskFAlqsG4ZKB_13credence_bond9emergency25emit_emergency_mode_event
FN:227,_RNvNtCskFAlqsG4ZKB_13credence_bond9emergency31emit_emergency_withdrawal_event
FN:14,_RNvXs6_NtCs797NzpV75uh_13credence_bond9emergencyNtNtNtCs7FLbHJEh6JY_11stellar_xdr4curr9generated5ScValINtNtCs7dTDQl1DYhd_4core7convert7TryFromRNtB5_15EmergencyConfigE8try_from
FN:40,_RNvXsA_NtCs797NzpV75uh_13credence_bond9emergencyNtNtNtCs7FLbHJEh6JY_11stellar_xdr4curr9generated5ScValINtNtCs7dTDQl1DYhd_4core7convert7TryFromRNtB5_23EmergencyModeTransitionE8try_from
FN:52,_RNvXsP_NtCs797NzpV75uh_13credence_bond9emergencyNtNtNtCs7FLbHJEh6JY_11stellar_xdr4curr9generated5ScValINtNtCs7dTDQl1DYhd_4core7convert7TryFromRNtB5_16EmergencyDataKeyE8try_from
FN:24,_RNvXsl_NtCs797NzpV75uh_13credence_bond9emergencyNtNtNtCs7FLbHJEh6JY_11stellar_xdr4curr9generated5ScValINtNtCs7dTDQl1DYhd_4core7convert7TryFromRNtB5_25EmergencyWithdrawalRecordE8try_from
FN:90,_RNvNtCs797NzpV75uh_13credence_bond9emergency10get_config
FN:149,_RNvNtCs797NzpV75uh_13credence_bond9emergency10get_record
FN:67,_RNvNtCs797NzpV75uh_13credence_bond9emergency10set_config
FN:102,_RNvNtCs797NzpV75uh_13credence_bond9emergency11set_enabled
FN:175,_RNvNtCs797NzpV75uh_13credence_bond9emergency12store_record
FN:133,_RNvNtCs797NzpV75uh_13credence_bond9emergency13calculate_fee
FN:207,_RNvNtCs797NzpV75uh_13credence_bond9emergency13increment_seq
FN:165,_RNvNtCs797NzpV75uh_13credence_bond9emergency14get_transition
FN:141,_RNvNtCs797NzpV75uh_13credence_bond9emergency16latest_record_id
FN:157,_RNvNtCs797NzpV75uh_13credence_bond9emergency20latest_transition_id
FN:214,_RNvNtCs797NzpV75uh_13credence_bond9emergency25emit_emergency_mode_event
FN:227,_RNvNtCs797NzpV75uh_13credence_bond9emergency31emit_emergency_withdrawal_event
FN:94,_RNCNvNtCs797NzpV75uh_13credence_bond9emergency10get_config0B5_
FN:153,_RNCNvNtCs797NzpV75uh_13credence_bond9emergency10get_record0B5_
FN:169,_RNCNvNtCs797NzpV75uh_13credence_bond9emergency14get_transition0B5_
FNDA:0,_RNvXs6_NtCskFAlqsG4ZKB_13credence_bond9emergencyNtNtNtCs7FLbHJEh6JY_11stellar_xdr4curr9generated5ScValINtNtCs7dTDQl1DYhd_4core7convert7TryFromRNtB5_15EmergencyConfigE8try_from
FNDA:0,_RNvXsA_NtCskFAlqsG4ZKB_13credence_bond9emergencyNtNtNtCs7FLbHJEh6JY_11stellar_xdr4curr9generated5ScValINtNtCs7dTDQl1DYhd_4core7convert7TryFromRNtB5_23EmergencyModeTransitionE8try_from
FNDA:0,_RNvXsP_NtCskFAlqsG4ZKB_13credence_bond9emergencyNtNtNtCs7FLbHJEh6JY_11stellar_xdr4curr9generated5ScValINtNtCs7dTDQl1DYhd_4core7convert7TryFromRNtB5_16EmergencyDataKeyE8try_from
FNDA:0,_RNvXsl_NtCskFAlqsG4ZKB_13credence_bond9emergencyNtNtNtCs7FLbHJEh6JY_11stellar_xdr4curr9generated5ScValINtNtCs7dTDQl1DYhd_4core7convert7TryFromRNtB5_25EmergencyWithdrawalRecordE8try_from
FNDA:0,_RNCNvNtCskFAlqsG4ZKB_13credence_bond9emergency10get_config0B5_
FNDA:0,_RNCNvNtCskFAlqsG4ZKB_13credence_bond9emergency10get_record0B5_
FNDA:0,_RNCNvNtCskFAlqsG4ZKB_13credence_bond9emergency14get_transition0B5_
FNDA:31,_RNvNtCskFAlqsG4ZKB_13credence_bond9emergency10get_config
FNDA:3,_RNvNtCskFAlqsG4ZKB_13credence_bond9emergency10get_record
FNDA:35,_RNvNtCskFAlqsG4ZKB_13credence_bond9emergency10set_config
FNDA:16,_RNvNtCskFAlqsG4ZKB_13credence_bond9emergency11set_enabled
FNDA:3,_RNvNtCskFAlqsG4ZKB_13credence_bond9emergency12store_record
FNDA:3,_RNvNtCskFAlqsG4ZKB_13credence_bond9emergency13calculate_fee
FNDA:19,_RNvNtCskFAlqsG4ZKB_13credence_bond9emergency13increment_seq
FNDA:4,_RNvNtCskFAlqsG4ZKB_13credence_bond9emergency14get_transition
FNDA:2,_RNvNtCskFAlqsG4ZKB_13credence_bond9emergency16latest_record_id
FNDA:4,_RNvNtCskFAlqsG4ZKB_13credence_bond9emergency20latest_transition_id
FNDA:16,_RNvNtCskFAlqsG4ZKB_13credence_bond9emergency25emit_emergency_mode_event
FNDA:3,_RNvNtCskFAlqsG4ZKB_13credence_bond9emergency31emit_emergency_withdrawal_event
FNDA:0,_RNvXs6_NtCs797NzpV75uh_13credence_bond9emergencyNtNtNtCs7FLbHJEh6JY_11stellar_xdr4curr9generated5ScValINtNtCs7dTDQl1DYhd_4core7convert7TryFromRNtB5_15EmergencyConfigE8try_from
FNDA:0,_RNvXsA_NtCs797NzpV75uh_13credence_bond9emergencyNtNtNtCs7FLbHJEh6JY_11stellar_xdr4curr9generated5ScValINtNtCs7dTDQl1DYhd_4core7convert7TryFromRNtB5_23EmergencyModeTransitionE8try_from
FNDA:0,_RNvXsP_NtCs797NzpV75uh_13credence_bond9emergencyNtNtNtCs7FLbHJEh6JY_11stellar_xdr4curr9generated5ScValINtNtCs7dTDQl1DYhd_4core7convert7TryFromRNtB5_16EmergencyDataKeyE8try_from
FNDA:0,_RNvXsl_NtCs797NzpV75uh_13credence_bond9emergencyNtNtNtCs7FLbHJEh6JY_11stellar_xdr4curr9generated5ScValINtNtCs7dTDQl1DYhd_4core7convert7TryFromRNtB5_25EmergencyWithdrawalRecordE8try_from
FNDA:0,_RNvNtCs797NzpV75uh_13credence_bond9emergency10get_config
FNDA:0,_RNvNtCs797NzpV75uh_13credence_bond9emergency10get_record
FNDA:0,_RNvNtCs797NzpV75uh_13credence_bond9emergency10set_config
FNDA:0,_RNvNtCs797NzpV75uh_13credence_bond9emergency11set_enabled
FNDA:0,_RNvNtCs797NzpV75uh_13credence_bond9emergency12store_record
FNDA:0,_RNvNtCs797NzpV75uh_13credence_bond9emergency13calculate_fee
FNDA:0,_RNvNtCs797NzpV75uh_13credence_bond9emergency13increment_seq
FNDA:0,_RNvNtCs797NzpV75uh_13credence_bond9emergency14get_transition
FNDA:0,_RNvNtCs797NzpV75uh_13credence_bond9emergency16latest_record_id
FNDA:0,_RNvNtCs797NzpV75uh_13credence_bond9emergency20latest_transition_id
FNDA:0,_RNvNtCs797NzpV75uh_13credence_bond9emergency25emit_emergency_mode_event
FNDA:0,_RNvNtCs797NzpV75uh_13credence_bond9emergency31emit_emergency_withdrawal_event
FNDA:0,_RNCNvNtCs797NzpV75uh_13credence_bond9emergency10get_config0B5_
FNDA:0,_RNCNvNtCs797NzpV75uh_13credence_bond9emergency10get_record0B5_
FNDA:0,_RNCNvNtCs797NzpV75uh_13credence_bond9emergency14get_transition0B5_
FNF:19
FNH:12
DA:14,0
DA:24,0
DA:40,0
DA:52,0
DA:67,35
DA:68,35
DA:69,35
DA:70,35
DA:71,35
DA:72,35
DA:73,35
DA:74,35
DA:75,1
DA:76,34
DA:77,34
DA:78,34
DA:79,34
DA:80,34
DA:81,34
DA:82,34
DA:83,34
DA:84,34
DA:85,34
DA:86,34
DA:90,31
DA:91,31
DA:92,31
DA:93,31
DA:94,31
DA:95,31
DA:102,16
DA:103,16
DA:104,16
DA:105,0
DA:106,16
DA:107,16
DA:108,16
DA:109,16
DA:110,16
DA:113,16
DA:114,16
DA:115,16
DA:116,16
DA:117,16
DA:118,16
DA:119,16
DA:120,16
DA:121,16
DA:123,16
DA:124,16
DA:125,16
DA:126,16
DA:133,3
DA:134,3
DA:135,0
DA:136,3
DA:137,3
DA:138,3
DA:141,2
DA:142,2
DA:143,2
DA:144,2
DA:145,2
DA:146,2
DA:149,3
DA:150,3
DA:151,3
DA:152,3
DA:153,3
DA:154,3
DA:157,4
DA:158,4
DA:159,4
DA:160,4
DA:161,4
DA:162,4
DA:165,4
DA:166,4
DA:167,4
DA:168,4
DA:169,4
DA:170,4
DA:175,3
DA:176,3
DA:177,3
DA:178,3
DA:179,3
DA:180,3
DA:181,3
DA:182,3
DA:183,3
DA:184,3
DA:185,3
DA:186,3
DA:187,3
DA:188,3
DA:189,3
DA:190,3
DA:191,3
DA:192,3
DA:193,3
DA:194,3
DA:195,3
DA:196,3
DA:197,3
DA:198,3
DA:200,3
DA:201,3
DA:202,3
DA:203,3
DA:204,3
DA:207,19
DA:208,19
DA:209,19
DA:210,19
DA:211,19
DA:212,19
DA:214,16
DA:215,16
DA:216,16
DA:217,16
DA:218,16
DA:219,16
DA:220,16
DA:221,16
DA:222,16
DA:223,16
DA:225,16
DA:227,3
DA:228,3
DA:229,3
DA:230,3
DA:231,3
DA:232,3
DA:233,3
DA:234,3
DA:235,3
DA:236,3
DA:237,3
DA:238,3
DA:239,3
DA:240,3
DA:241,3
DA:242,3
DA:244,3
BRF:0
BRH:0
LF:148
LH:139
end_of_record
SF:/home/robi/Desktop/Credence-Contracts/contracts/credence_bond/src/events.rs
FN:208,_RNvNtCskFAlqsG4ZKB_13credence_bond6events17emit_bond_slashed
FN:105,_RNvNtCskFAlqsG4ZKB_13credence_bond6events19emit_bond_increased
FN:73,_RNvNtCskFAlqsG4ZKB_13credence_bond6events22emit_bond_increased_v2
FN:407,_RNvNtCskFAlqsG4ZKB_13credence_bond6events25emit_emergency_mode_event
FN:224,_RNvNtCskFAlqsG4ZKB_13credence_bond6events16emit_claim_added
FN:48,_RNvNtCskFAlqsG4ZKB_13credence_bond6events17emit_bond_created
FN:154,_RNvNtCskFAlqsG4ZKB_13credence_bond6events19emit_bond_withdrawn
FN:264,_RNvNtCskFAlqsG4ZKB_13credence_bond6events19emit_claims_expired
FN:15,_RNvNtCskFAlqsG4ZKB_13credence_bond6events20emit_bond_created_v2
FN:174,_RNvNtCskFAlqsG4ZKB_13credence_bond6events20emit_bond_slashed_v2
FN:240,_RNvNtCskFAlqsG4ZKB_13credence_bond6events21emit_claims_processed
FN:308,_RNvNtCskFAlqsG4ZKB_13credence_bond6events21emit_upgrade_approved
FN:315,_RNvNtCskFAlqsG4ZKB_13credence_bond6events21emit_upgrade_executed
FN:296,_RNvNtCskFAlqsG4ZKB_13credence_bond6events21emit_upgrade_proposed
FN:123,_RNvNtCskFAlqsG4ZKB_13credence_bond6events22emit_bond_withdrawn_v2
FN:337,_RNvNtCskFAlqsG4ZKB_13credence_bond6events22emit_parameter_updated
FN:277,_RNvNtCskFAlqsG4ZKB_13credence_bond6events25emit_upgrade_auth_granted
FN:289,_RNvNtCskFAlqsG4ZKB_13credence_bond6events25emit_upgrade_auth_revoked
FN:366,_RNvNtCskFAlqsG4ZKB_13credence_bond6events27emit_admin_transfer_started
FN:375,_RNvNtCskFAlqsG4ZKB_13credence_bond6events29emit_admin_transfer_completed
FN:271,_RNvNtCskFAlqsG4ZKB_13credence_bond6events29emit_upgrade_auth_initialized
FN:384,_RNvNtCskFAlqsG4ZKB_13credence_bond6events35emit_upgrade_admin_transfer_started
FN:397,_RNvNtCskFAlqsG4ZKB_13credence_bond6events37emit_upgrade_admin_transfer_completed
FN:208,_RNvNtCs797NzpV75uh_13credence_bond6events17emit_bond_slashed
FN:105,_RNvNtCs797NzpV75uh_13credence_bond6events19emit_bond_increased
FN:73,_RNvNtCs797NzpV75uh_13credence_bond6events22emit_bond_increased_v2
FN:407,_RNvNtCs797NzpV75uh_13credence_bond6events25emit_emergency_mode_event
FN:224,_RNvNtCs797NzpV75uh_13credence_bond6events16emit_claim_added
FN:48,_RNvNtCs797NzpV75uh_13credence_bond6events17emit_bond_created
FN:154,_RNvNtCs797NzpV75uh_13credence_bond6events19emit_bond_withdrawn
FN:264,_RNvNtCs797NzpV75uh_13credence_bond6events19emit_claims_expired
FN:15,_RNvNtCs797NzpV75uh_13credence_bond6events20emit_bond_created_v2
FN:174,_RNvNtCs797NzpV75uh_13credence_bond6events20emit_bond_slashed_v2
FN:240,_RNvNtCs797NzpV75uh_13credence_bond6events21emit_claims_processed
FN:308,_RNvNtCs797NzpV75uh_13credence_bond6events21emit_upgrade_approved
FN:315,_RNvNtCs797NzpV75uh_13credence_bond6events21emit_upgrade_executed
FN:296,_RNvNtCs797NzpV75uh_13credence_bond6events21emit_upgrade_proposed
FN:123,_RNvNtCs797NzpV75uh_13credence_bond6events22emit_bond_withdrawn_v2
FN:337,_RNvNtCs797NzpV75uh_13credence_bond6events22emit_parameter_updated
FN:277,_RNvNtCs797NzpV75uh_13credence_bond6events25emit_upgrade_auth_granted
FN:289,_RNvNtCs797NzpV75uh_13credence_bond6events25emit_upgrade_auth_revoked
FN:366,_RNvNtCs797NzpV75uh_13credence_bond6events27emit_admin_transfer_started
FN:375,_RNvNtCs797NzpV75uh_13credence_bond6events29emit_admin_transfer_completed
FN:271,_RNvNtCs797NzpV75uh_13credence_bond6events29emit_upgrade_auth_initialized
FN:384,_RNvNtCs797NzpV75uh_13credence_bond6events35emit_upgrade_admin_transfer_started
FN:397,_RNvNtCs797NzpV75uh_13credence_bond6events37emit_upgrade_admin_transfer_completed
FNDA:0,_RNvNtCskFAlqsG4ZKB_13credence_bond6events17emit_bond_slashed
FNDA:0,_RNvNtCskFAlqsG4ZKB_13credence_bond6events19emit_bond_increased
FNDA:0,_RNvNtCskFAlqsG4ZKB_13credence_bond6events22emit_bond_increased_v2
FNDA:0,_RNvNtCskFAlqsG4ZKB_13credence_bond6events25emit_emergency_mode_event
FNDA:242,_RNvNtCskFAlqsG4ZKB_13credence_bond6events16emit_claim_added
FNDA:334,_RNvNtCskFAlqsG4ZKB_13credence_bond6events17emit_bond_created
FNDA:150,_RNvNtCskFAlqsG4ZKB_13credence_bond6events19emit_bond_withdrawn
FNDA:1,_RNvNtCskFAlqsG4ZKB_13credence_bond6events19emit_claims_expired
FNDA:334,_RNvNtCskFAlqsG4ZKB_13credence_bond6events20emit_bond_created_v2
FNDA:158,_RNvNtCskFAlqsG4ZKB_13credence_bond6events20emit_bond_slashed_v2
FNDA:2,_RNvNtCskFAlqsG4ZKB_13credence_bond6events21emit_claims_processed
FNDA:3,_RNvNtCskFAlqsG4ZKB_13credence_bond6events21emit_upgrade_approved
FNDA:3,_RNvNtCskFAlqsG4ZKB_13credence_bond6events21emit_upgrade_executed
FNDA:3,_RNvNtCskFAlqsG4ZKB_13credence_bond6events21emit_upgrade_proposed
FNDA:150,_RNvNtCskFAlqsG4ZKB_13credence_bond6events22emit_bond_withdrawn_v2
FNDA:79,_RNvNtCskFAlqsG4ZKB_13credence_bond6events22emit_parameter_updated
FNDA:12,_RNvNtCskFAlqsG4ZKB_13credence_bond6events25emit_upgrade_auth_granted
FNDA:1,_RNvNtCskFAlqsG4ZKB_13credence_bond6events25emit_upgrade_auth_revoked
FNDA:2,_RNvNtCskFAlqsG4ZKB_13credence_bond6events27emit_admin_transfer_started
FNDA:1,_RNvNtCskFAlqsG4ZKB_13credence_bond6events29emit_admin_transfer_completed
FNDA:464,_RNvNtCskFAlqsG4ZKB_13credence_bond6events29emit_upgrade_auth_initialized
FNDA:1,_RNvNtCskFAlqsG4ZKB_13credence_bond6events35emit_upgrade_admin_transfer_started
FNDA:1,_RNvNtCskFAlqsG4ZKB_13credence_bond6events37emit_upgrade_admin_transfer_completed
FNDA:0,_RNvNtCs797NzpV75uh_13credence_bond6events17emit_bond_slashed
FNDA:0,_RNvNtCs797NzpV75uh_13credence_bond6events19emit_bond_increased
FNDA:0,_RNvNtCs797NzpV75uh_13credence_bond6events22emit_bond_increased_v2
FNDA:0,_RNvNtCs797NzpV75uh_13credence_bond6events25emit_emergency_mode_event
FNDA:12,_RNvNtCs797NzpV75uh_13credence_bond6events16emit_claim_added
FNDA:3,_RNvNtCs797NzpV75uh_13credence_bond6events17emit_bond_created
FNDA:2,_RNvNtCs797NzpV75uh_13credence_bond6events19emit_bond_withdrawn
FNDA:0,_RNvNtCs797NzpV75uh_13credence_bond6events19emit_claims_expired
FNDA:3,_RNvNtCs797NzpV75uh_13credence_bond6events20emit_bond_created_v2
FNDA:0,_RNvNtCs797NzpV75uh_13credence_bond6events20emit_bond_slashed_v2
FNDA:3,_RNvNtCs797NzpV75uh_13credence_bond6events21emit_claims_processed
FNDA:0,_RNvNtCs797NzpV75uh_13credence_bond6events21emit_upgrade_approved
FNDA:0,_RNvNtCs797NzpV75uh_13credence_bond6events21emit_upgrade_executed
FNDA:0,_RNvNtCs797NzpV75uh_13credence_bond6events21emit_upgrade_proposed
FNDA:2,_RNvNtCs797NzpV75uh_13credence_bond6events22emit_bond_withdrawn_v2
FNDA:0,_RNvNtCs797NzpV75uh_13credence_bond6events22emit_parameter_updated
FNDA:0,_RNvNtCs797NzpV75uh_13credence_bond6events25emit_upgrade_auth_granted
FNDA:0,_RNvNtCs797NzpV75uh_13credence_bond6events25emit_upgrade_auth_revoked
FNDA:0,_RNvNtCs797NzpV75uh_13credence_bond6events27emit_admin_transfer_started
FNDA:0,_RNvNtCs797NzpV75uh_13credence_bond6events29emit_admin_transfer_completed
FNDA:13,_RNvNtCs797NzpV75uh_13credence_bond6events29emit_upgrade_auth_initialized
FNDA:0,_RNvNtCs797NzpV75uh_13credence_bond6events35emit_upgrade_admin_transfer_started
FNDA:0,_RNvNtCs797NzpV75uh_13credence_bond6events37emit_upgrade_admin_transfer_completed
FNF:23
FNH:19
DA:15,337
DA:16,337
DA:17,337
DA:18,337
DA:19,337
DA:20,337
DA:21,337
DA:22,337
DA:23,337
DA:24,337
DA:25,337
DA:26,337
DA:27,337
DA:28,337
DA:29,337
DA:30,337
DA:31,337
DA:32,337
DA:33,337
DA:34,337
DA:48,337
DA:49,337
DA:50,337
DA:51,337
DA:52,337
DA:53,337
DA:54,337
DA:55,337
DA:56,337
DA:57,337
DA:58,337
DA:73,0
DA:74,0
DA:75,0
DA:76,0
DA:77,0
DA:78,0
DA:79,0
DA:80,0
DA:81,0
DA:82,0
DA:83,0
DA:84,0
DA:85,0
DA:86,0
DA:87,0
DA:88,0
DA:89,0
DA:90,0
DA:91,0
DA:105,0
DA:106,0
DA:107,0
DA:108,0
DA:109,0
DA:123,152
DA:124,152
DA:125,152
DA:126,152
DA:127,152
DA:128,152
DA:129,152
DA:130,152
DA:131,152
DA:132,152
DA:133,152
DA:134,152
DA:135,152
DA:136,152
DA:137,152
DA:138,152
DA:139,152
DA:140,152
DA:141,152
DA:154,152
DA:155,152
DA:156,152
DA:157,152
DA:158,152
DA:174,158
DA:175,158
DA:176,158
DA:177,158
DA:178,158
DA:179,158
DA:180,158
DA:181,158
DA:182,158
DA:183,158
DA:184,158
DA:185,158
DA:186,158
DA:187,158
DA:188,158
DA:189,158
DA:190,158
DA:191,158
DA:192,158
DA:193,158
DA:194,158
DA:208,0
DA:209,0
DA:210,0
DA:211,0
DA:212,0
DA:224,254
DA:225,254
DA:226,254
DA:227,254
DA:228,254
DA:240,5
DA:241,5
DA:242,5
DA:243,5
DA:244,5
DA:245,5
DA:246,5
DA:247,5
DA:248,5
DA:249,5
DA:250,5
DA:251,5
DA:252,5
DA:253,5
DA:264,1
DA:265,1
DA:266,1
DA:267,1
DA:268,1
DA:271,477
DA:272,477
DA:273,477
DA:274,477
DA:277,12
DA:278,12
DA:279,12
DA:280,12
DA:281,12
DA:282,12
DA:283,12
DA:284,12
DA:285,12
DA:286,12
DA:289,1
DA:290,1
DA:291,1
DA:292,1
DA:293,1
DA:296,3
DA:297,3
DA:298,3
DA:299,3
DA:300,3
DA:301,3
DA:302,3
DA:303,3
DA:304,3
DA:305,3
DA:308,3
DA:309,3
DA:310,3
DA:311,3
DA:312,3
DA:315,3
DA:316,3
DA:317,3
DA:318,3
DA:319,3
DA:320,3
DA:321,3
DA:322,3
DA:323,3
DA:324,3
DA:337,79
DA:338,79
DA:339,79
DA:340,79
DA:341,79
DA:342,79
DA:343,79
DA:344,79
DA:346,79
DA:347,79
DA:348,79
DA:349,79
DA:350,79
DA:351,79
DA:352,79
DA:353,79
DA:354,79
DA:356,79
DA:357,79
DA:358,79
DA:359,79
DA:360,79
DA:361,79
DA:362,79
DA:363,79
DA:366,2
DA:367,2
DA:368,2
DA:369,2
DA:370,2
DA:371,2
DA:372,2
DA:375,1
DA:376,1
DA:377,1
DA:378,1
DA:379,1
DA:380,1
DA:381,1
DA:384,1
DA:385,1
DA:386,1
DA:387,1
DA:388,1
DA:389,1
DA:390,1
DA:391,1
DA:392,1
DA:393,1
DA:394,1
DA:397,1
DA:398,1
DA:399,1
DA:400,1
DA:401,1
DA:402,1
DA:403,1
DA:407,0
DA:408,0
DA:409,0
DA:410,0
DA:411,0
DA:412,0
DA:413,0
DA:414,0
DA:415,0
DA:416,0
DA:417,0
DA:418,0
DA:419,0
DA:420,0
BRF:0
BRH:0
LF:244
LH:201
end_of_record
SF:/home/robi/Desktop/Credence-Contracts/contracts/credence_bond/src/evidence.rs
FN:24,_RNvXs2_NtCskFAlqsG4ZKB_13credence_bond8evidenceNtB5_12EvidenceTypeINtNtCsevZT0aDcvzq_18soroban_env_common7convert10TryFromValNtNtCsjtdLMLIdwJ5_11soroban_sdk3env3EnvNtNtNtCs7FLbHJEh6JY_11stellar_xdr4curr9generated5ScValE12try_from_val
FN:36,_RNvXsi_NtCskFAlqsG4ZKB_13credence_bond8evidenceNtNtNtCs7FLbHJEh6JY_11stellar_xdr4curr9generated5ScValINtNtCs7dTDQl1DYhd_4core7convert7TryFromRNtB5_8EvidenceE8try_from
FN:197,_RNCNvNtCskFAlqsG4ZKB_13credence_bond8evidence12get_evidence0B5_
FN:227,_RNvNtCskFAlqsG4ZKB_13credence_bond8evidence11hash_exists
FN:192,_RNvNtCskFAlqsG4ZKB_13credence_bond8evidence12get_evidence
FN:60,_RNvNtCskFAlqsG4ZKB_13credence_bond8evidence12key_evidence
FN:68,_RNvNtCskFAlqsG4ZKB_13credence_bond8evidence15key_hash_exists
FN:111,_RNvNtCskFAlqsG4ZKB_13credence_bond8evidence15submit_evidence
FN:239,_RNvNtCskFAlqsG4ZKB_13credence_bond8evidence18get_evidence_count
FN:56,_RNvNtCskFAlqsG4ZKB_13credence_bond8evidence20key_evidence_counter
FN:211,_RNvNtCskFAlqsG4ZKB_13credence_bond8evidence21get_proposal_evidence
FN:64,_RNvNtCskFAlqsG4ZKB_13credence_bond8evidence21key_proposal_evidence
FN:279,_RNvNtCskFAlqsG4ZKB_13credence_bond8evidence23emit_evidence_submitted
FN:257,_RNvNtCskFAlqsG4ZKB_13credence_bond8evidence29get_proposal_evidence_details
FN:197,_RNCNvNtCs797NzpV75uh_13credence_bond8evidence12get_evidence0B5_
FN:24,_RNvXs2_NtCs797NzpV75uh_13credence_bond8evidenceNtB5_12EvidenceTypeINtNtCsevZT0aDcvzq_18soroban_env_common7convert10TryFromValNtNtCsjtdLMLIdwJ5_11soroban_sdk3env3EnvNtNtNtCs7FLbHJEh6JY_11stellar_xdr4curr9generated5ScValE12try_from_val
FN:36,_RNvXsi_NtCs797NzpV75uh_13credence_bond8evidenceNtNtNtCs7FLbHJEh6JY_11stellar_xdr4curr9generated5ScValINtNtCs7dTDQl1DYhd_4core7convert7TryFromRNtB5_8EvidenceE8try_from
FN:227,_RNvNtCs797NzpV75uh_13credence_bond8evidence11hash_exists
FN:192,_RNvNtCs797NzpV75uh_13credence_bond8evidence12get_evidence
FN:60,_RNvNtCs797NzpV75uh_13credence_bond8evidence12key_evidence
FN:68,_RNvNtCs797NzpV75uh_13credence_bond8evidence15key_hash_exists
FN:111,_RNvNtCs797NzpV75uh_13credence_bond8evidence15submit_evidence
FN:239,_RNvNtCs797NzpV75uh_13credence_bond8evidence18get_evidence_count
FN:56,_RNvNtCs797NzpV75uh_13credence_bond8evidence20key_evidence_counter
FN:211,_RNvNtCs797NzpV75uh_13credence_bond8evidence21get_proposal_evidence
FN:64,_RNvNtCs797NzpV75uh_13credence_bond8evidence21key_proposal_evidence
FN:279,_RNvNtCs797NzpV75uh_13credence_bond8evidence23emit_evidence_submitted
FN:257,_RNvNtCs797NzpV75uh_13credence_bond8evidence29get_proposal_evidence_details
FNDA:0,_RNvXs2_NtCskFAlqsG4ZKB_13credence_bond8evidenceNtB5_12EvidenceTypeINtNtCsevZT0aDcvzq_18soroban_env_common7convert10TryFromValNtNtCsjtdLMLIdwJ5_11soroban_sdk3env3EnvNtNtNtCs7FLbHJEh6JY_11stellar_xdr4curr9generated5ScValE12try_from_val
FNDA:0,_RNvXsi_NtCskFAlqsG4ZKB_13credence_bond8evidenceNtNtNtCs7FLbHJEh6JY_11stellar_xdr4curr9generated5ScValINtNtCs7dTDQl1DYhd_4core7convert7TryFromRNtB5_8EvidenceE8try_from
FNDA:1,_RNCNvNtCskFAlqsG4ZKB_13credence_bond8evidence12get_evidence0B5_
FNDA:3,_RNvNtCskFAlqsG4ZKB_13credence_bond8evidence11hash_exists
FNDA:14,_RNvNtCskFAlqsG4ZKB_13credence_bond8evidence12get_evidence
FNDA:38,_RNvNtCskFAlqsG4ZKB_13credence_bond8evidence12key_evidence
FNDA:29,_RNvNtCskFAlqsG4ZKB_13credence_bond8evidence15key_hash_exists
FNDA:27,_RNvNtCskFAlqsG4ZKB_13credence_bond8evidence15submit_evidence
FNDA:5,_RNvNtCskFAlqsG4ZKB_13credence_bond8evidence18get_evidence_count
FNDA:29,_RNvNtCskFAlqsG4ZKB_13credence_bond8evidence20key_evidence_counter
FNDA:7,_RNvNtCskFAlqsG4ZKB_13credence_bond8evidence21get_proposal_evidence
FNDA:31,_RNvNtCskFAlqsG4ZKB_13credence_bond8evidence21key_proposal_evidence
FNDA:24,_RNvNtCskFAlqsG4ZKB_13credence_bond8evidence23emit_evidence_submitted
FNDA:2,_RNvNtCskFAlqsG4ZKB_13credence_bond8evidence29get_proposal_evidence_details
FNDA:0,_RNCNvNtCs797NzpV75uh_13credence_bond8evidence12get_evidence0B5_
FNDA:0,_RNvXs2_NtCs797NzpV75uh_13credence_bond8evidenceNtB5_12EvidenceTypeINtNtCsevZT0aDcvzq_18soroban_env_common7convert10TryFromValNtNtCsjtdLMLIdwJ5_11soroban_sdk3env3EnvNtNtNtCs7FLbHJEh6JY_11stellar_xdr4curr9generated5ScValE12try_from_val
FNDA:0,_RNvXsi_NtCs797NzpV75uh_13credence_bond8evidenceNtNtNtCs7FLbHJEh6JY_11stellar_xdr4curr9generated5ScValINtNtCs7dTDQl1DYhd_4core7convert7TryFromRNtB5_8EvidenceE8try_from
FNDA:0,_RNvNtCs797NzpV75uh_13credence_bond8evidence11hash_exists
FNDA:0,_RNvNtCs797NzpV75uh_13credence_bond8evidence12get_evidence
FNDA:0,_RNvNtCs797NzpV75uh_13credence_bond8evidence12key_evidence
FNDA:0,_RNvNtCs797NzpV75uh_13credence_bond8evidence15key_hash_exists
FNDA:0,_RNvNtCs797NzpV75uh_13credence_bond8evidence15submit_evidence
FNDA:0,_RNvNtCs797NzpV75uh_13credence_bond8evidence18get_evidence_count
FNDA:0,_RNvNtCs797NzpV75uh_13credence_bond8evidence20key_evidence_counter
FNDA:0,_RNvNtCs797NzpV75uh_13credence_bond8evidence21get_proposal_evidence
FNDA:0,_RNvNtCs797NzpV75uh_13credence_bond8evidence21key_proposal_evidence
FNDA:0,_RNvNtCs797NzpV75uh_13credence_bond8evidence23emit_evidence_submitted
FNDA:0,_RNvNtCs797NzpV75uh_13credence_bond8evidence29get_proposal_evidence_details
FNF:14
FNH:12
DA:24,0
DA:36,0
DA:56,29
DA:57,29
DA:58,29
DA:60,38
DA:61,38
DA:62,38
DA:64,31
DA:65,31
DA:66,31
DA:68,29
DA:69,29
DA:70,29
DA:111,27
DA:112,27
DA:113,27
DA:114,27
DA:115,27
DA:116,27
DA:117,27
DA:118,27
DA:120,27
DA:121,1
DA:122,26
DA:125,26
DA:126,26
DA:127,1
DA:128,25
DA:131,25
DA:132,10
DA:133,1
DA:134,9
DA:135,15
DA:138,24
DA:139,24
DA:140,24
DA:141,24
DA:142,24
DA:143,24
DA:146,24
DA:147,24
DA:148,24
DA:149,24
DA:150,24
DA:151,24
DA:152,24
DA:153,24
DA:154,24
DA:157,24
DA:158,24
DA:161,24
DA:162,24
DA:163,24
DA:164,24
DA:165,24
DA:166,24
DA:167,24
DA:168,24
DA:169,24
DA:170,24
DA:173,24
DA:176,24
DA:178,24
DA:179,24
DA:192,14
DA:193,14
DA:194,14
DA:195,14
DA:196,14
DA:197,14
DA:198,14
DA:211,7
DA:212,7
DA:213,7
DA:214,7
DA:227,3
DA:228,3
DA:229,3
DA:230,3
DA:239,5
DA:240,5
DA:241,5
DA:242,5
DA:243,5
DA:244,5
DA:257,2
DA:258,2
DA:259,2
DA:261,5
DA:262,5
DA:263,5
DA:264,5
DA:266,2
DA:267,2
DA:279,24
DA:280,24
DA:281,24
DA:282,24
DA:283,24
DA:284,24
DA:285,24
DA:286,24
DA:287,24
DA:288,24
DA:290,24
BRF:0
BRH:0
LF:107
LH:105
end_of_record
SF:/home/robi/Desktop/Credence-Contracts/contracts/credence_bond/src/fees.rs
FN:70,_RNvNtCskFAlqsG4ZKB_13credence_bond4fees13is_fee_waived
FN:19,_RNvNtCskFAlqsG4ZKB_13credence_bond4fees10get_config
FN:77,_RNvNtCskFAlqsG4ZKB_13credence_bond4fees10record_fee
FN:30,_RNvNtCskFAlqsG4ZKB_13credence_bond4fees10set_config
FN:53,_RNvNtCskFAlqsG4ZKB_13credence_bond4fees13calculate_fee
FN:89,_RNvNtCskFAlqsG4ZKB_13credence_bond4fees14emit_fee_event
FN:103,_RNvNtCskFAlqsG4ZKB_13credence_bond4fees23emit_fee_config_updated
FN:70,_RNvNtCs797NzpV75uh_13credence_bond4fees13is_fee_waived
FN:19,_RNvNtCs797NzpV75uh_13credence_bond4fees10get_config
FN:77,_RNvNtCs797NzpV75uh_13credence_bond4fees10record_fee
FN:30,_RNvNtCs797NzpV75uh_13credence_bond4fees10set_config
FN:53,_RNvNtCs797NzpV75uh_13credence_bond4fees13calculate_fee
FN:89,_RNvNtCs797NzpV75uh_13credence_bond4fees14emit_fee_event
FN:103,_RNvNtCs797NzpV75uh_13credence_bond4fees23emit_fee_config_updated
FNDA:0,_RNvNtCskFAlqsG4ZKB_13credence_bond4fees13is_fee_waived
FNDA:354,_RNvNtCskFAlqsG4ZKB_13credence_bond4fees10get_config
FNDA:6,_RNvNtCskFAlqsG4ZKB_13credence_bond4fees10record_fee
FNDA:11,_RNvNtCskFAlqsG4ZKB_13credence_bond4fees10set_config
FNDA:335,_RNvNtCskFAlqsG4ZKB_13credence_bond4fees13calculate_fee
FNDA:6,_RNvNtCskFAlqsG4ZKB_13credence_bond4fees14emit_fee_event
FNDA:10,_RNvNtCskFAlqsG4ZKB_13credence_bond4fees23emit_fee_config_updated
FNDA:0,_RNvNtCs797NzpV75uh_13credence_bond4fees13is_fee_waived
FNDA:3,_RNvNtCs797NzpV75uh_13credence_bond4fees10get_config
FNDA:0,_RNvNtCs797NzpV75uh_13credence_bond4fees10record_fee
FNDA:0,_RNvNtCs797NzpV75uh_13credence_bond4fees10set_config
FNDA:3,_RNvNtCs797NzpV75uh_13credence_bond4fees13calculate_fee
FNDA:0,_RNvNtCs797NzpV75uh_13credence_bond4fees14emit_fee_event
FNDA:0,_RNvNtCs797NzpV75uh_13credence_bond4fees23emit_fee_config_updated
FNF:7
FNH:6
DA:19,357
DA:20,357
DA:21,357
DA:22,357
DA:23,357
DA:24,357
DA:25,357
DA:26,357
DA:27,357
DA:30,11
DA:31,11
DA:32,1
DA:33,10
DA:34,10
DA:35,0
DA:36,10
DA:38,10
DA:40,10
DA:41,10
DA:42,10
DA:43,10
DA:44,10
DA:45,10
DA:47,10
DA:48,10
DA:53,338
DA:54,338
DA:55,338
DA:56,332
DA:57,6
DA:58,6
DA:59,6
DA:60,6
DA:65,338
DA:70,0
DA:71,0
DA:72,0
DA:73,0
DA:77,6
DA:78,6
DA:79,0
DA:80,6
DA:81,6
DA:82,6
DA:83,6
DA:84,6
DA:85,6
DA:86,6
DA:89,6
DA:90,6
DA:91,6
DA:92,6
DA:93,6
DA:94,6
DA:95,6
DA:96,6
DA:97,6
DA:98,6
DA:100,6
DA:103,10
DA:104,10
DA:105,10
DA:106,10
DA:107,10
DA:108,10
DA:109,10
DA:110,10
DA:111,10
DA:112,10
DA:113,10
DA:114,10
DA:115,10
DA:116,10
DA:117,10
DA:119,10
BRF:0
BRH:0
LF:75
LH:69
end_of_record
SF:/home/robi/Desktop/Credence-Contracts/contracts/credence_bond/src/fuzz/test_bond_fuzz.rs
FN:62,_RNvMNtNtCskFAlqsG4ZKB_13credence_bond4fuzz14test_bond_fuzzNtB2_10SplitMix6413gen_range_u64
FN:82,_RNvMNtNtCskFAlqsG4ZKB_13credence_bond4fuzz14test_bond_fuzzNtB2_10SplitMix6413pick_from_u64
FN:77,_RNvMNtNtCskFAlqsG4ZKB_13credence_bond4fuzz14test_bond_fuzzNtB2_10SplitMix6414pick_from_i128
FN:69,_RNvMNtNtCskFAlqsG4ZKB_13credence_bond4fuzz14test_bond_fuzzNtB2_10SplitMix6415gen_i128_nonneg
FN:46,_RNvMNtNtCskFAlqsG4ZKB_13credence_bond4fuzz14test_bond_fuzzNtB2_10SplitMix643new
FN:50,_RNvMNtNtCskFAlqsG4ZKB_13credence_bond4fuzz14test_bond_fuzzNtB2_10SplitMix648next_u64
FN:58,_RNvMNtNtCskFAlqsG4ZKB_13credence_bond4fuzz14test_bond_fuzzNtB2_10SplitMix649next_bool
FN:106,_RNvNtNtCskFAlqsG4ZKB_13credence_bond4fuzz14test_bond_fuzz10fuzz_iters
FN:158,_RNvNtNtCskFAlqsG4ZKB_13credence_bond4fuzz14test_bond_fuzz15sample_duration
FN:149,_RNvNtNtCskFAlqsG4ZKB_13credence_bond4fuzz14test_bond_fuzz16sample_timestamp
FN:116,_RNvNtNtCskFAlqsG4ZKB_13credence_bond4fuzz14test_bond_fuzz21fuzz_actions_per_iter
FN:130,_RNvNtNtCskFAlqsG4ZKB_13credence_bond4fuzz14test_bond_fuzz22assert_bond_invariants
FN:179,_RNvNtNtCskFAlqsG4ZKB_13credence_bond4fuzz14test_bond_fuzz22sample_notice_duration
FN:225,_RNvNtNtCskFAlqsG4ZKB_13credence_bond4fuzz14test_bond_fuzz23sample_amount_for_slash
FN:188,_RNvNtNtCskFAlqsG4ZKB_13credence_bond4fuzz14test_bond_fuzz24sample_amount_for_create
FN:209,_RNvNtNtCskFAlqsG4ZKB_13credence_bond4fuzz14test_bond_fuzz26sample_amount_for_withdraw
FN:92,_RNvNtNtCskFAlqsG4ZKB_13credence_bond4fuzz14test_bond_fuzz7env_u64
FN:88,_RNvNtNtCskFAlqsG4ZKB_13credence_bond4fuzz14test_bond_fuzz9env_usize
FN:102,_RNvNtNtCskFAlqsG4ZKB_13credence_bond4fuzz14test_bond_fuzz9fuzz_seed
FN:120,_RNvNtNtCskFAlqsG4ZKB_13credence_bond4fuzz14test_bond_fuzz9panic_msg
FN:242,_RNvNtNtCskFAlqsG4ZKB_13credence_bond4fuzz14test_bond_fuzzs_20fuzz_bond_operations
FN:94,_RNCNCNvNtNtCskFAlqsG4ZKB_13credence_bond4fuzz14test_bond_fuzz7env_u6400B9_
FN:342,_RNCNCNvNtNtCskFAlqsG4ZKB_13credence_bond4fuzz14test_bond_fuzzs_20fuzz_bond_operationss_0s0_0B9_
FN:356,_RNCNCNvNtNtCskFAlqsG4ZKB_13credence_bond4fuzz14test_bond_fuzzs_20fuzz_bond_operationss_0s1_0B9_
FN:397,_RNCNCNvNtNtCskFAlqsG4ZKB_13credence_bond4fuzz14test_bond_fuzzs_20fuzz_bond_operationss_0s2_0B9_
FN:444,_RNCNCNvNtNtCskFAlqsG4ZKB_13credence_bond4fuzz14test_bond_fuzzs_20fuzz_bond_operationss_0s3_0B9_
FN:448,_RNCNCNvNtNtCskFAlqsG4ZKB_13credence_bond4fuzz14test_bond_fuzzs_20fuzz_bond_operationss_0s4_0B9_
FN:449,_RNCNCNvNtNtCskFAlqsG4ZKB_13credence_bond4fuzz14test_bond_fuzzs_20fuzz_bond_operationss_0s5_0B9_
FN:455,_RNCNCNvNtNtCskFAlqsG4ZKB_13credence_bond4fuzz14test_bond_fuzzs_20fuzz_bond_operationss_0s6_0B9_
FN:462,_RNCNCNvNtNtCskFAlqsG4ZKB_13credence_bond4fuzz14test_bond_fuzzs_20fuzz_bond_operationss_0s7_0B9_
FN:465,_RNCNCNvNtNtCskFAlqsG4ZKB_13credence_bond4fuzz14test_bond_fuzzs_20fuzz_bond_operationss_0s8_0B9_
FN:107,_RNCNvNtNtCskFAlqsG4ZKB_13credence_bond4fuzz14test_bond_fuzz10fuzz_iters0B7_
FN:93,_RNCNvNtNtCskFAlqsG4ZKB_13credence_bond4fuzz14test_bond_fuzz7env_u640B7_
FN:89,_RNCNvNtNtCskFAlqsG4ZKB_13credence_bond4fuzz14test_bond_fuzz9env_usize0B7_
FN:246,_RNCNvNtNtCskFAlqsG4ZKB_13credence_bond4fuzz14test_bond_fuzzs_20fuzz_bond_operations0B7_
FN:252,_RNCNvNtNtCskFAlqsG4ZKB_13credence_bond4fuzz14test_bond_fuzzs_20fuzz_bond_operationss_0B7_
FNDA:8101,_RNvMNtNtCskFAlqsG4ZKB_13credence_bond4fuzz14test_bond_fuzzNtB2_10SplitMix6413gen_range_u64
FNDA:353,_RNvMNtNtCskFAlqsG4ZKB_13credence_bond4fuzz14test_bond_fuzzNtB2_10SplitMix6413pick_from_u64
FNDA:160,_RNvMNtNtCskFAlqsG4ZKB_13credence_bond4fuzz14test_bond_fuzzNtB2_10SplitMix6414pick_from_i128
FNDA:1010,_RNvMNtNtCskFAlqsG4ZKB_13credence_bond4fuzz14test_bond_fuzzNtB2_10SplitMix6415gen_i128_nonneg
FNDA:1,_RNvMNtNtCskFAlqsG4ZKB_13credence_bond4fuzz14test_bond_fuzzNtB2_10SplitMix643new
FNDA:9465,_RNvMNtNtCskFAlqsG4ZKB_13credence_bond4fuzz14test_bond_fuzzNtB2_10SplitMix648next_u64
FNDA:1364,_RNvMNtNtCskFAlqsG4ZKB_13credence_bond4fuzz14test_bond_fuzzNtB2_10SplitMix649next_bool
FNDA:1,_RNvNtNtCskFAlqsG4ZKB_13credence_bond4fuzz14test_bond_fuzz10fuzz_iters
FNDA:1000,_RNvNtNtCskFAlqsG4ZKB_13credence_bond4fuzz14test_bond_fuzz15sample_duration
FNDA:1000,_RNvNtNtCskFAlqsG4ZKB_13credence_bond4fuzz14test_bond_fuzz16sample_timestamp
FNDA:1,_RNvNtNtCskFAlqsG4ZKB_13credence_bond4fuzz14test_bond_fuzz21fuzz_actions_per_iter
FNDA:747,_RNvNtNtCskFAlqsG4ZKB_13credence_bond4fuzz14test_bond_fuzz22assert_bond_invariants
FNDA:486,_RNvNtNtCskFAlqsG4ZKB_13credence_bond4fuzz14test_bond_fuzz22sample_notice_duration
FNDA:177,_RNvNtNtCskFAlqsG4ZKB_13credence_bond4fuzz14test_bond_fuzz23sample_amount_for_slash
FNDA:1000,_RNvNtNtCskFAlqsG4ZKB_13credence_bond4fuzz14test_bond_fuzz24sample_amount_for_create
FNDA:187,_RNvNtNtCskFAlqsG4ZKB_13credence_bond4fuzz14test_bond_fuzz26sample_amount_for_withdraw
FNDA:1,_RNvNtNtCskFAlqsG4ZKB_13credence_bond4fuzz14test_bond_fuzz7env_u64
FNDA:2,_RNvNtNtCskFAlqsG4ZKB_13credence_bond4fuzz14test_bond_fuzz9env_usize
FNDA:1,_RNvNtNtCskFAlqsG4ZKB_13credence_bond4fuzz14test_bond_fuzz9fuzz_seed
FNDA:979,_RNvNtNtCskFAlqsG4ZKB_13credence_bond4fuzz14test_bond_fuzz9panic_msg
FNDA:1,_RNvNtNtCskFAlqsG4ZKB_13credence_bond4fuzz14test_bond_fuzzs_20fuzz_bond_operations
FNDA:0,_RNCNCNvNtNtCskFAlqsG4ZKB_13credence_bond4fuzz14test_bond_fuzz7env_u6400B9_
FNDA:1000,_RNCNCNvNtNtCskFAlqsG4ZKB_13credence_bond4fuzz14test_bond_fuzzs_20fuzz_bond_operationss_0s0_0B9_
FNDA:1000,_RNCNCNvNtNtCskFAlqsG4ZKB_13credence_bond4fuzz14test_bond_fuzzs_20fuzz_bond_operationss_0s1_0B9_
FNDA:177,_RNCNCNvNtNtCskFAlqsG4ZKB_13credence_bond4fuzz14test_bond_fuzzs_20fuzz_bond_operationss_0s2_0B9_
FNDA:101,_RNCNCNvNtNtCskFAlqsG4ZKB_13credence_bond4fuzz14test_bond_fuzzs_20fuzz_bond_operationss_0s3_0B9_
FNDA:35,_RNCNCNvNtNtCskFAlqsG4ZKB_13credence_bond4fuzz14test_bond_fuzzs_20fuzz_bond_operationss_0s4_0B9_
FNDA:35,_RNCNCNvNtNtCskFAlqsG4ZKB_13credence_bond4fuzz14test_bond_fuzzs_20fuzz_bond_operationss_0s5_0B9_
FNDA:35,_RNCNCNvNtNtCskFAlqsG4ZKB_13credence_bond4fuzz14test_bond_fuzzs_20fuzz_bond_operationss_0s6_0B9_
FNDA:51,_RNCNCNvNtNtCskFAlqsG4ZKB_13credence_bond4fuzz14test_bond_fuzzs_20fuzz_bond_operationss_0s7_0B9_
FNDA:187,_RNCNCNvNtNtCskFAlqsG4ZKB_13credence_bond4fuzz14test_bond_fuzzs_20fuzz_bond_operationss_0s8_0B9_
FNDA:1,_RNCNvNtNtCskFAlqsG4ZKB_13credence_bond4fuzz14test_bond_fuzz10fuzz_iters0B7_
FNDA:0,_RNCNvNtNtCskFAlqsG4ZKB_13credence_bond4fuzz14test_bond_fuzz7env_u640B7_
FNDA:0,_RNCNvNtNtCskFAlqsG4ZKB_13credence_bond4fuzz14test_bond_fuzz9env_usize0B7_
FNDA:0,_RNCNvNtNtCskFAlqsG4ZKB_13credence_bond4fuzz14test_bond_fuzzs_20fuzz_bond_operations0B7_
FNDA:1,_RNCNvNtNtCskFAlqsG4ZKB_13credence_bond4fuzz14test_bond_fuzzs_20fuzz_bond_operationss_0B7_
FNF:36
FNH:32
DA:46,1
DA:47,1
DA:48,1
DA:50,9465
DA:51,9465
DA:52,9465
DA:53,9465
DA:54,9465
DA:55,9465
DA:56,9465
DA:58,1364
DA:59,1364
DA:60,1364
DA:62,8101
DA:63,8101
DA:64,0
DA:65,8101
DA:66,8101
DA:67,8101
DA:69,1010
DA:70,1010
DA:71,0
DA:72,1010
DA:73,1010
DA:74,1010
DA:75,1010
DA:77,160
DA:78,160
DA:79,160
DA:80,160
DA:82,353
DA:83,353
DA:84,353
DA:85,353
DA:88,2
DA:89,2
DA:90,2
DA:92,1
DA:93,1
DA:94,0
DA:95,0
DA:97,0
DA:99,0
DA:100,1
DA:102,1
DA:103,1
DA:104,1
DA:106,1
DA:107,1
DA:108,1
DA:109,0
DA:111,1
DA:113,1
DA:114,1
DA:116,1
DA:117,1
DA:118,1
DA:120,979
DA:121,979
DA:122,0
DA:123,979
DA:124,979
DA:126,0
DA:128,979
DA:130,747
DA:131,747
DA:132,747
DA:135,747
DA:136,747
DA:139,747
DA:140,747
DA:143,747
DA:144,747
DA:147,747
DA:149,1000
DA:151,1000
DA:152,106
DA:154,894
DA:156,1000
DA:158,1000
DA:172,1000
DA:173,243
DA:175,757
DA:177,1000
DA:179,486
DA:181,486
DA:182,110
DA:184,376
DA:186,486
DA:188,1000
DA:202,1000
DA:203,118
DA:204,128
DA:205,754
DA:207,1000
DA:209,187
DA:210,187
DA:211,29
DA:212,158
DA:213,158
DA:214,19
DA:215,21
DA:216,15
DA:217,29
DA:218,23
DA:219,51
DA:220,51
DA:221,51
DA:223,187
DA:225,177
DA:226,177
DA:227,13
DA:228,164
DA:229,164
DA:230,25
DA:231,9
DA:232,20
DA:233,12
DA:234,21
DA:235,77
DA:236,77
DA:237,77
DA:239,177
DA:242,1
DA:243,1
DA:244,1
DA:245,0
DA:246,0
DA:247,0
DA:249,1
DA:252,1
DA:253,1
DA:254,1
DA:255,1
DA:257,1
DA:258,1
DA:259,1
DA:260,1
DA:262,1
DA:263,1
DA:266,1
DA:267,1
DA:270,1
DA:271,1
DA:273,1
DA:274,1
DA:275,1
DA:276,1
DA:279,1
DA:282,1
DA:283,1
DA:284,1
DA:285,1
DA:286,1
DA:287,1
DA:288,1
DA:289,1
DA:290,1
DA:291,1
DA:292,1
DA:293,1
DA:294,1
DA:295,1
DA:296,1
DA:297,1
DA:298,1
DA:299,1
DA:300,1
DA:301,1
DA:302,1
DA:304,3
DA:305,3
DA:306,3
DA:307,3
DA:309,3
DA:310,3
DA:311,3
DA:312,3
DA:313,3
DA:314,3
DA:316,3
DA:317,3
DA:319,3
DA:320,3
DA:321,3
DA:322,3
DA:326,3
DA:327,3
DA:333,1000
DA:335,1000
DA:336,2
DA:337,2
DA:338,2
DA:339,998
DA:341,1000
DA:342,1000
DA:344,1000
DA:345,1000
DA:346,1000
DA:347,1000
DA:348,486
DA:350,514
DA:353,1000
DA:354,1000
DA:356,1000
DA:357,1000
DA:358,1000
DA:360,1000
DA:361,134
DA:362,134
DA:365,134
DA:366,134
DA:367,134
DA:368,134
DA:372,134
DA:373,134
DA:378,134
DA:379,134
DA:381,866
DA:382,866
DA:383,866
DA:387,134
DA:390,134
DA:391,536
DA:392,536
DA:395,177
DA:396,177
DA:397,177
DA:399,177
DA:400,97
DA:403,80
DA:404,80
DA:406,177
DA:407,177
DA:408,127
DA:409,127
DA:410,127
DA:411,127
DA:412,127
DA:418,50
DA:419,50
DA:420,50
DA:425,187
DA:426,187
DA:427,187
DA:428,187
DA:429,187
DA:430,187
DA:431,187
DA:433,187
DA:434,187
DA:435,187
DA:438,187
DA:439,187
DA:441,101
DA:442,101
DA:444,101
DA:445,86
DA:447,35
DA:448,35
DA:449,35
DA:450,35
DA:451,35
DA:452,35
DA:453,35
DA:454,35
DA:455,35
DA:458,51
DA:459,51
DA:460,51
DA:461,51
DA:462,51
DA:465,187
DA:466,187
DA:467,101
DA:469,86
DA:471,187
DA:473,187
DA:474,124
DA:475,124
DA:476,124
DA:481,124
DA:482,124
DA:483,124
DA:488,124
DA:490,66
DA:491,66
DA:492,66
DA:493,66
DA:494,66
DA:495,66
DA:496,66
DA:497,66
DA:502,58
DA:503,58
DA:504,58
DA:510,63
DA:511,63
DA:512,63
DA:516,172
DA:517,172
DA:518,172
DA:519,172
DA:524,1
DA:525,1
DA:528,1
DA:529,1
DA:534,1
DA:535,1
DA:536,15
DA:537,15
DA:538,15
DA:539,0
DA:540,1
DA:542,1
DA:543,0
DA:544,1
DA:545,1
DA:546,0
DA:547,1
DA:548,1
BRF:0
BRH:0
LF:336
LH:317
end_of_record
SF:/home/robi/Desktop/Credence-Contracts/contracts/credence_bond/src/governance_approval.rs
FN:11,_RNvXs6_NtCskFAlqsG4ZKB_13credence_bond19governance_approvalNtNtNtCs7FLbHJEh6JY_11stellar_xdr4curr9generated5ScValINtNtCs7dTDQl1DYhd_4core7convert7TryFromRNtB5_14ProposalStatusE8try_from
FN:23,_RNvXsl_NtCskFAlqsG4ZKB_13credence_bond19governance_approvalNtNtNtCs7FLbHJEh6JY_11stellar_xdr4curr9generated5ScValINtNtCs7dTDQl1DYhd_4core7convert7TryFromRNtB5_13SlashProposalE8try_from
FN:167,_RNCNvNtCskFAlqsG4ZKB_13credence_bond19governance_approval15effective_voter0B5_
FN:229,_RNCNvNtCskFAlqsG4ZKB_13credence_bond19governance_approval25execute_slash_if_approved0B5_
FN:115,_RNCNvNtCskFAlqsG4ZKB_13credence_bond19governance_approval4vote0B5_
FN:125,_RNCNvNtCskFAlqsG4ZKB_13credence_bond19governance_approval4votes0_0B5_
FN:123,_RNCNvNtCskFAlqsG4ZKB_13credence_bond19governance_approval4votes_0B5_
FN:154,_RNCNvNtCskFAlqsG4ZKB_13credence_bond19governance_approval8delegate0B5_
FN:171,_RNvNtCskFAlqsG4ZKB_13credence_bond19governance_approval11count_votes
FN:197,_RNvNtCskFAlqsG4ZKB_13credence_bond19governance_approval11is_approved
FN:61,_RNvNtCskFAlqsG4ZKB_13credence_bond19governance_approval11is_governor
FN:33,_RNvNtCskFAlqsG4ZKB_13credence_bond19governance_approval11key_next_id
FN:285,_RNvNtCskFAlqsG4ZKB_13credence_bond19governance_approval12get_delegate
FN:262,_RNvNtCskFAlqsG4ZKB_13credence_bond19governance_approval12get_proposal
FN:45,_RNvNtCskFAlqsG4ZKB_13credence_bond19governance_approval12key_delegate
FN:37,_RNvNtCskFAlqsG4ZKB_13credence_bond19governance_approval12key_proposal
FN:277,_RNvNtCskFAlqsG4ZKB_13credence_bond19governance_approval13get_governors
FN:49,_RNvNtCskFAlqsG4ZKB_13credence_bond19governance_approval13key_governors
FN:89,_RNvNtCskFAlqsG4ZKB_13credence_bond19governance_approval13propose_slash
FN:53,_RNvNtCskFAlqsG4ZKB_13credence_bond19governance_approval14key_quorum_bps
FN:165,_RNvNtCskFAlqsG4ZKB_13credence_bond19governance_approval15effective_voter
FN:290,_RNvNtCskFAlqsG4ZKB_13credence_bond19governance_approval17get_quorum_config
FN:57,_RNvNtCskFAlqsG4ZKB_13credence_bond19governance_approval17key_min_governors
FN:304,_RNvNtCskFAlqsG4ZKB_13credence_bond19governance_approval21emit_governance_event
FN:71,_RNvNtCskFAlqsG4ZKB_13credence_bond19governance_approval21initialize_governance
FN:224,_RNvNtCskFAlqsG4ZKB_13credence_bond19governance_approval25execute_slash_if_approved
FN:110,_RNvNtCskFAlqsG4ZKB_13credence_bond19governance_approval4vote
FN:148,_RNvNtCskFAlqsG4ZKB_13credence_bond19governance_approval8delegate
FN:267,_RNvNtCskFAlqsG4ZKB_13credence_bond19governance_approval8get_vote
FN:41,_RNvNtCskFAlqsG4ZKB_13credence_bond19governance_approval8key_vote
FN:11,_RNvXs6_NtCs797NzpV75uh_13credence_bond19governance_approvalNtNtNtCs7FLbHJEh6JY_11stellar_xdr4curr9generated5ScValINtNtCs7dTDQl1DYhd_4core7convert7TryFromRNtB5_14ProposalStatusE8try_from
FN:23,_RNvXsl_NtCs797NzpV75uh_13credence_bond19governance_approvalNtNtNtCs7FLbHJEh6JY_11stellar_xdr4curr9generated5ScValINtNtCs7dTDQl1DYhd_4core7convert7TryFromRNtB5_13SlashProposalE8try_from
FN:171,_RNvNtCs797NzpV75uh_13credence_bond19governance_approval11count_votes
FN:197,_RNvNtCs797NzpV75uh_13credence_bond19governance_approval11is_approved
FN:61,_RNvNtCs797NzpV75uh_13credence_bond19governance_approval11is_governor
FN:33,_RNvNtCs797NzpV75uh_13credence_bond19governance_approval11key_next_id
FN:285,_RNvNtCs797NzpV75uh_13credence_bond19governance_approval12get_delegate
FN:262,_RNvNtCs797NzpV75uh_13credence_bond19governance_approval12get_proposal
FN:45,_RNvNtCs797NzpV75uh_13credence_bond19governance_approval12key_delegate
FN:37,_RNvNtCs797NzpV75uh_13credence_bond19governance_approval12key_proposal
FN:277,_RNvNtCs797NzpV75uh_13credence_bond19governance_approval13get_governors
FN:49,_RNvNtCs797NzpV75uh_13credence_bond19governance_approval13key_governors
FN:89,_RNvNtCs797NzpV75uh_13credence_bond19governance_approval13propose_slash
FN:53,_RNvNtCs797NzpV75uh_13credence_bond19governance_approval14key_quorum_bps
FN:165,_RNvNtCs797NzpV75uh_13credence_bond19governance_approval15effective_voter
FN:290,_RNvNtCs797NzpV75uh_13credence_bond19governance_approval17get_quorum_config
FN:57,_RNvNtCs797NzpV75uh_13credence_bond19governance_approval17key_min_governors
FN:304,_RNvNtCs797NzpV75uh_13credence_bond19governance_approval21emit_governance_event
FN:71,_RNvNtCs797NzpV75uh_13credence_bond19governance_approval21initialize_governance
FN:224,_RNvNtCs797NzpV75uh_13credence_bond19governance_approval25execute_slash_if_approved
FN:110,_RNvNtCs797NzpV75uh_13credence_bond19governance_approval4vote
FN:148,_RNvNtCs797NzpV75uh_13credence_bond19governance_approval8delegate
FN:267,_RNvNtCs797NzpV75uh_13credence_bond19governance_approval8get_vote
FN:41,_RNvNtCs797NzpV75uh_13credence_bond19governance_approval8key_vote
FN:167,_RNCNvNtCs797NzpV75uh_13credence_bond19governance_approval15effective_voter0B5_
FN:229,_RNCNvNtCs797NzpV75uh_13credence_bond19governance_approval25execute_slash_if_approved0B5_
FN:115,_RNCNvNtCs797NzpV75uh_13credence_bond19governance_approval4vote0B5_
FN:125,_RNCNvNtCs797NzpV75uh_13credence_bond19governance_approval4votes0_0B5_
FN:123,_RNCNvNtCs797NzpV75uh_13credence_bond19governance_approval4votes_0B5_
FN:154,_RNCNvNtCs797NzpV75uh_13credence_bond19governance_approval8delegate0B5_
FNDA:0,_RNvXs6_NtCskFAlqsG4ZKB_13credence_bond19governance_approvalNtNtNtCs7FLbHJEh6JY_11stellar_xdr4curr9generated5ScValINtNtCs7dTDQl1DYhd_4core7convert7TryFromRNtB5_14ProposalStatusE8try_from
FNDA:0,_RNvXsl_NtCskFAlqsG4ZKB_13credence_bond19governance_approvalNtNtNtCs7FLbHJEh6JY_11stellar_xdr4curr9generated5ScValINtNtCs7dTDQl1DYhd_4core7convert7TryFromRNtB5_13SlashProposalE8try_from
FNDA:17,_RNCNvNtCskFAlqsG4ZKB_13credence_bond19governance_approval15effective_voter0B5_
FNDA:0,_RNCNvNtCskFAlqsG4ZKB_13credence_bond19governance_approval25execute_slash_if_approved0B5_
FNDA:0,_RNCNvNtCskFAlqsG4ZKB_13credence_bond19governance_approval4vote0B5_
FNDA:47,_RNCNvNtCskFAlqsG4ZKB_13credence_bond19governance_approval4votes0_0B5_
FNDA:0,_RNCNvNtCskFAlqsG4ZKB_13credence_bond19governance_approval4votes_0B5_
FNDA:0,_RNCNvNtCskFAlqsG4ZKB_13credence_bond19governance_approval8delegate0B5_
FNDA:8,_RNvNtCskFAlqsG4ZKB_13credence_bond19governance_approval11count_votes
FNDA:8,_RNvNtCskFAlqsG4ZKB_13credence_bond19governance_approval11is_approved
FNDA:24,_RNvNtCskFAlqsG4ZKB_13credence_bond19governance_approval11is_governor
FNDA:45,_RNvNtCskFAlqsG4ZKB_13credence_bond19governance_approval11key_next_id
FNDA:1,_RNvNtCskFAlqsG4ZKB_13credence_bond19governance_approval12get_delegate
FNDA:13,_RNvNtCskFAlqsG4ZKB_13credence_bond19governance_approval12get_proposal
FNDA:69,_RNvNtCskFAlqsG4ZKB_13credence_bond19governance_approval12key_delegate
FNDA:66,_RNvNtCskFAlqsG4ZKB_13credence_bond19governance_approval12key_proposal
FNDA:1,_RNvNtCskFAlqsG4ZKB_13credence_bond19governance_approval13get_governors
FNDA:56,_RNvNtCskFAlqsG4ZKB_13credence_bond19governance_approval13key_governors
FNDA:15,_RNvNtCskFAlqsG4ZKB_13credence_bond19governance_approval13propose_slash
FNDA:24,_RNvNtCskFAlqsG4ZKB_13credence_bond19governance_approval14key_quorum_bps
FNDA:19,_RNvNtCskFAlqsG4ZKB_13credence_bond19governance_approval15effective_voter
FNDA:1,_RNvNtCskFAlqsG4ZKB_13credence_bond19governance_approval17get_quorum_config
FNDA:24,_RNvNtCskFAlqsG4ZKB_13credence_bond19governance_approval17key_min_governors
FNDA:45,_RNvNtCskFAlqsG4ZKB_13credence_bond19governance_approval21emit_governance_event
FNDA:15,_RNvNtCskFAlqsG4ZKB_13credence_bond19governance_approval21initialize_governance
FNDA:8,_RNvNtCskFAlqsG4ZKB_13credence_bond19governance_approval25execute_slash_if_approved
FNDA:22,_RNvNtCskFAlqsG4ZKB_13credence_bond19governance_approval4vote
FNDA:2,_RNvNtCskFAlqsG4ZKB_13credence_bond19governance_approval8delegate
FNDA:4,_RNvNtCskFAlqsG4ZKB_13credence_bond19governance_approval8get_vote
FNDA:44,_RNvNtCskFAlqsG4ZKB_13credence_bond19governance_approval8key_vote
FNDA:0,_RNvXs6_NtCs797NzpV75uh_13credence_bond19governance_approvalNtNtNtCs7FLbHJEh6JY_11stellar_xdr4curr9generated5ScValINtNtCs7dTDQl1DYhd_4core7convert7TryFromRNtB5_14ProposalStatusE8try_from
FNDA:0,_RNvXsl_NtCs797NzpV75uh_13credence_bond19governance_approvalNtNtNtCs7FLbHJEh6JY_11stellar_xdr4curr9generated5ScValINtNtCs7dTDQl1DYhd_4core7convert7TryFromRNtB5_13SlashProposalE8try_from
FNDA:0,_RNvNtCs797NzpV75uh_13credence_bond19governance_approval11count_votes
FNDA:0,_RNvNtCs797NzpV75uh_13credence_bond19governance_approval11is_approved
FNDA:0,_RNvNtCs797NzpV75uh_13credence_bond19governance_approval11is_governor
FNDA:0,_RNvNtCs797NzpV75uh_13credence_bond19governance_approval11key_next_id
FNDA:0,_RNvNtCs797NzpV75uh_13credence_bond19governance_approval12get_delegate
FNDA:0,_RNvNtCs797NzpV75uh_13credence_bond19governance_approval12get_proposal
FNDA:0,_RNvNtCs797NzpV75uh_13credence_bond19governance_approval12key_delegate
FNDA:0,_RNvNtCs797NzpV75uh_13credence_bond19governance_approval12key_proposal
FNDA:0,_RNvNtCs797NzpV75uh_13credence_bond19governance_approval13get_governors
FNDA:0,_RNvNtCs797NzpV75uh_13credence_bond19governance_approval13key_governors
FNDA:0,_RNvNtCs797NzpV75uh_13credence_bond19governance_approval13propose_slash
FNDA:0,_RNvNtCs797NzpV75uh_13credence_bond19governance_approval14key_quorum_bps
FNDA:0,_RNvNtCs797NzpV75uh_13credence_bond19governance_approval15effective_voter
FNDA:0,_RNvNtCs797NzpV75uh_13credence_bond19governance_approval17get_quorum_config
FNDA:0,_RNvNtCs797NzpV75uh_13credence_bond19governance_approval17key_min_governors
FNDA:0,_RNvNtCs797NzpV75uh_13credence_bond19governance_approval21emit_governance_event
FNDA:0,_RNvNtCs797NzpV75uh_13credence_bond19governance_approval21initialize_governance
FNDA:0,_RNvNtCs797NzpV75uh_13credence_bond19governance_approval25execute_slash_if_approved
FNDA:0,_RNvNtCs797NzpV75uh_13credence_bond19governance_approval4vote
FNDA:0,_RNvNtCs797NzpV75uh_13credence_bond19governance_approval8delegate
FNDA:0,_RNvNtCs797NzpV75uh_13credence_bond19governance_approval8get_vote
FNDA:0,_RNvNtCs797NzpV75uh_13credence_bond19governance_approval8key_vote
FNDA:0,_RNCNvNtCs797NzpV75uh_13credence_bond19governance_approval15effective_voter0B5_
FNDA:0,_RNCNvNtCs797NzpV75uh_13credence_bond19governance_approval25execute_slash_if_approved0B5_
FNDA:0,_RNCNvNtCs797NzpV75uh_13credence_bond19governance_approval4vote0B5_
FNDA:0,_RNCNvNtCs797NzpV75uh_13credence_bond19governance_approval4votes0_0B5_
FNDA:0,_RNCNvNtCs797NzpV75uh_13credence_bond19governance_approval4votes_0B5_
FNDA:0,_RNCNvNtCs797NzpV75uh_13credence_bond19governance_approval8delegate0B5_
FNF:30
FNH:24
DA:11,0
DA:23,0
DA:33,45
DA:34,45
DA:35,45
DA:37,66
DA:38,66
DA:39,66
DA:41,44
DA:42,44
DA:43,44
DA:45,69
DA:46,69
DA:47,69
DA:49,56
DA:50,56
DA:51,56
DA:53,24
DA:54,24
DA:55,24
DA:57,24
DA:58,24
DA:59,24
DA:61,24
DA:62,35
DA:63,35
DA:64,21
DA:65,14
DA:67,3
DA:68,24
DA:71,15
DA:72,15
DA:73,15
DA:74,15
DA:75,15
DA:76,15
DA:77,15
DA:78,0
DA:79,15
DA:80,15
DA:81,15
DA:82,15
DA:83,15
DA:84,15
DA:85,15
DA:86,15
DA:89,15
DA:90,15
DA:91,0
DA:92,15
DA:93,15
DA:94,15
DA:95,15
DA:97,15
DA:98,15
DA:99,15
DA:100,15
DA:101,15
DA:102,15
DA:103,15
DA:104,15
DA:105,15
DA:106,15
DA:107,15
DA:110,22
DA:111,22
DA:112,22
DA:113,22
DA:114,22
DA:115,22
DA:116,22
DA:117,0
DA:118,22
DA:119,22
DA:120,22
DA:121,22
DA:122,22
DA:123,22
DA:124,22
DA:125,47
DA:126,47
DA:127,47
DA:128,47
DA:129,22
DA:130,22
DA:131,1
DA:132,21
DA:133,21
DA:134,21
DA:135,1
DA:136,20
DA:137,20
DA:138,20
DA:139,20
DA:140,20
DA:141,20
DA:142,20
DA:143,20
DA:145,20
DA:148,2
DA:149,2
DA:150,2
DA:151,2
DA:152,2
DA:153,2
DA:154,2
DA:155,2
DA:156,0
DA:157,2
DA:158,2
DA:159,2
DA:160,2
DA:161,2
DA:162,2
DA:165,19
DA:166,19
DA:167,19
DA:168,19
DA:171,8
DA:172,8
DA:173,8
DA:174,8
DA:175,8
DA:176,8
DA:177,8
DA:178,8
DA:179,8
DA:180,19
DA:181,19
DA:182,19
DA:183,19
DA:184,14
DA:185,14
DA:186,14
DA:187,12
DA:188,12
DA:189,2
DA:190,2
DA:191,5
DA:193,8
DA:194,8
DA:197,8
DA:198,8
DA:199,8
DA:200,8
DA:201,8
DA:202,8
DA:203,8
DA:204,8
DA:205,0
DA:206,8
DA:207,8
DA:208,8
DA:209,8
DA:210,8
DA:211,8
DA:212,8
DA:213,8
DA:214,8
DA:215,8
DA:216,8
DA:217,8
DA:218,8
DA:219,8
DA:220,8
DA:221,8
DA:224,8
DA:225,8
DA:226,8
DA:227,8
DA:228,8
DA:229,8
DA:230,8
DA:231,0
DA:232,8
DA:233,8
DA:234,2
DA:235,2
DA:236,2
DA:237,2
DA:238,2
DA:239,2
DA:240,2
DA:241,2
DA:242,2
DA:243,2
DA:245,2
DA:246,6
DA:247,6
DA:248,6
DA:249,6
DA:250,6
DA:251,6
DA:252,6
DA:253,6
DA:254,6
DA:255,6
DA:256,6
DA:258,6
DA:259,8
DA:262,13
DA:263,13
DA:264,13
DA:267,4
DA:268,4
DA:269,4
DA:270,3
DA:272,1
DA:274,4
DA:277,1
DA:278,1
DA:279,1
DA:280,1
DA:281,1
DA:282,1
DA:285,1
DA:286,1
DA:287,1
DA:290,1
DA:291,1
DA:292,1
DA:293,1
DA:294,1
DA:295,1
DA:296,1
DA:297,1
DA:298,1
DA:299,1
DA:300,1
DA:301,1
DA:302,1
DA:304,45
DA:305,45
DA:306,45
DA:307,45
DA:309,45
BRF:0
BRH:0
LF:242
LH:230
end_of_record
SF:/home/robi/Desktop/Credence-Contracts/contracts/credence_bond/src/integration/test_governance.rs
FN:13,_RNvNtNtCskFAlqsG4ZKB_13credence_bond11integration15test_governance5setup
FN:39,_RNvNtNtCskFAlqsG4ZKB_13credence_bond11integration15test_governances_40test_governance_slash_request_submission
FN:126,_RNvNtNtCskFAlqsG4ZKB_13credence_bond11integration15test_governances_43test_governance_multi_actor_delegation_flow
FN:58,_RNvNtNtCskFAlqsG4ZKB_13credence_bond11integration15test_governances_47test_governance_multisig_approval_and_execution
FN:90,_RNvNtNtCskFAlqsG4ZKB_13credence_bond11integration15test_governances_48test_governance_contested_flow_rejects_execution
FN:102,_RNvNtNtCskFAlqsG4ZKB_13credence_bond11integration15test_governances_50test_governance_reproposal_after_contested_request
FNDA:5,_RNvNtNtCskFAlqsG4ZKB_13credence_bond11integration15test_governance5setup
FNDA:1,_RNvNtNtCskFAlqsG4ZKB_13credence_bond11integration15test_governances_40test_governance_slash_request_submission
FNDA:1,_RNvNtNtCskFAlqsG4ZKB_13credence_bond11integration15test_governances_43test_governance_multi_actor_delegation_flow
FNDA:1,_RNvNtNtCskFAlqsG4ZKB_13credence_bond11integration15test_governances_47test_governance_multisig_approval_and_execution
FNDA:1,_RNvNtNtCskFAlqsG4ZKB_13credence_bond11integration15test_governances_48test_governance_contested_flow_rejects_execution
FNDA:1,_RNvNtNtCskFAlqsG4ZKB_13credence_bond11integration15test_governances_50test_governance_reproposal_after_contested_request
FNF:6
FNH:6
DA:13,5
DA:14,5
DA:15,5
DA:16,5
DA:17,5
DA:18,5
DA:19,5
DA:20,5
DA:21,5
DA:22,5
DA:23,5
DA:24,5
DA:25,5
DA:26,5
DA:28,5
DA:29,5
DA:31,5
DA:32,5
DA:34,5
DA:35,5
DA:39,1
DA:40,1
DA:41,1
DA:43,1
DA:44,1
DA:46,1
DA:47,1
DA:48,1
DA:50,1
DA:51,1
DA:52,1
DA:53,1
DA:54,1
DA:58,1
DA:59,1
DA:60,1
DA:62,1
DA:63,1
DA:64,1
DA:65,1
DA:67,1
DA:69,1
DA:70,1
DA:72,1
DA:73,1
DA:75,1
DA:77,1
DA:78,1
DA:79,1
DA:81,1
DA:82,1
DA:83,1
DA:84,1
DA:85,1
DA:90,1
DA:91,1
DA:92,1
DA:94,1
DA:95,1
DA:96,1
DA:97,1
DA:98,1
DA:102,1
DA:103,1
DA:104,1
DA:106,1
DA:107,1
DA:108,1
DA:111,1
DA:112,1
DA:113,1
DA:115,1
DA:116,1
DA:118,1
DA:119,1
DA:120,1
DA:121,1
DA:122,1
DA:126,1
DA:127,1
DA:128,1
DA:129,1
DA:131,1
DA:132,1
DA:134,1
DA:135,1
DA:136,1
DA:138,1
DA:139,1
DA:141,1
DA:142,1
DA:143,1
DA:144,1
BRF:0
BRH:0
LF:93
LH:93
end_of_record
SF:/home/robi/Desktop/Credence-Contracts/contracts/credence_bond/src/leverage.rs
FN:37,_RNvNtCskFAlqsG4ZKB_13credence_bond8leverage17validate_leverage
FN:37,_RNvNtCs797NzpV75uh_13credence_bond8leverage17validate_leverage
FNDA:42,_RNvNtCskFAlqsG4ZKB_13credence_bond8leverage17validate_leverage
FNDA:1,_RNvNtCs797NzpV75uh_13credence_bond8leverage17validate_leverage
FNF:1
FNH:1
DA:37,43
DA:38,43
DA:39,0
DA:40,43
DA:41,43
DA:42,43
DA:43,4
DA:47,39
DA:48,39
BRF:0
BRH:0
LF:9
LH:8
end_of_record
SF:/home/robi/Desktop/Credence-Contracts/contracts/credence_bond/src/lib.rs
FN:970,_RNvMsQ_CskFAlqsG4ZKB_13credence_bondNtB5_12CredenceBond35validate_bond_activation_parameters
FN:55,_RNvXs6_CskFAlqsG4ZKB_13credence_bondNtNtNtCs7FLbHJEh6JY_11stellar_xdr4curr9generated5ScValINtNtCs7dTDQl1DYhd_4core7convert7TryFromRNtB5_8BondTierE8try_from
FN:93,_RNvXsJ_CskFAlqsG4ZKB_13credence_bondNtNtNtCs7FLbHJEh6JY_11stellar_xdr4curr9generated5ScValINtNtCs7dTDQl1DYhd_4core7convert7TryFromRNtB5_7DataKeyE8try_from
FN:64,_RNvXsl_CskFAlqsG4ZKB_13credence_bondNtNtNtCs7FLbHJEh6JY_11stellar_xdr4curr9generated5ScValINtNtCs7dTDQl1DYhd_4core7convert7TryFromRNtB5_12IdentityBondE8try_from
FN:85,_RNvXsx_CskFAlqsG4ZKB_13credence_bondNtNtNtCs7FLbHJEh6JY_11stellar_xdr4curr9generated5ScValINtNtCs7dTDQl1DYhd_4core7convert7TryFromRNtB5_15CooldownRequestE8try_from
FN:171,_RNvMsQ_CskFAlqsG4ZKB_13credence_bondNtB5_12CredenceBond10check_lock
FN:204,_RNvMsQ_CskFAlqsG4ZKB_13credence_bondNtB5_12CredenceBond10initialize
FN:1727,_RNvMsQ_CskFAlqsG4ZKB_13credence_bondNtB5_12CredenceBond10slash_bond
FN:658,_RNvMsQ_CskFAlqsG4ZKB_13credence_bondNtB5_12CredenceBond11create_bond
FN:569,_RNvMsQ_CskFAlqsG4ZKB_13credence_bondNtB5_12CredenceBond11is_attester
FN:254,_RNvMsQ_CskFAlqsG4ZKB_13credence_bondNtB5_12CredenceBond12accept_admin
FN:162,_RNvMsQ_CskFAlqsG4ZKB_13credence_bondNtB5_12CredenceBond12acquire_lock
FN:180,_RNvMsQ_CskFAlqsG4ZKB_13credence_bondNtB5_12CredenceBond12callback_key
FN:1784,_RNvMsQ_CskFAlqsG4ZKB_13credence_bondNtB5_12CredenceBond12collect_fees
FN:1447,_RNvMsQ_CskFAlqsG4ZKB_13credence_bondNtB5_12CredenceBond12deposit_fees
FN:1577,_RNvMsQ_CskFAlqsG4ZKB_13credence_bondNtB5_12CredenceBond12get_evidence
FN:168,_RNvMsQ_CskFAlqsG4ZKB_13credence_bondNtB5_12CredenceBond12release_lock
FN:1454,_RNvMsQ_CskFAlqsG4ZKB_13credence_bondNtB5_12CredenceBond12set_callback
FN:1492,_RNvMsQ_CskFAlqsG4ZKB_13credence_bondNtB5_12CredenceBond13get_governors
FN:1413,_RNvMsQ_CskFAlqsG4ZKB_13credence_bondNtB5_12CredenceBond13propose_slash
FN:1116,_RNvMsQ_CskFAlqsG4ZKB_13credence_bondNtB5_12CredenceBond13withdraw_bond
FN:1475,_RNvMsQ_CskFAlqsG4ZKB_13credence_bondNtB5_12CredenceBond14get_bond_token
FN:1443,_RNvMsQ_CskFAlqsG4ZKB_13credence_bondNtB5_12CredenceBond14get_fee_config
FN:309,_RNvMsQ_CskFAlqsG4ZKB_13credence_bondNtB5_12CredenceBond14get_supply_cap
FN:651,_RNvMsQ_CskFAlqsG4ZKB_13credence_bondNtB5_12CredenceBond14get_usdc_token
FN:766,_RNvMsQ_CskFAlqsG4ZKB_13credence_bondNtB5_12CredenceBond14is_bond_active
FN:1463,_RNvMsQ_CskFAlqsG4ZKB_13credence_bondNtB5_12CredenceBond14set_bond_token
FN:1438,_RNvMsQ_CskFAlqsG4ZKB_13credence_bondNtB5_12CredenceBond14set_fee_config
FN:294,_RNvMsQ_CskFAlqsG4ZKB_13credence_bondNtB5_12CredenceBond14set_supply_cap
FN:644,_RNvMsQ_CskFAlqsG4ZKB_13credence_bondNtB5_12CredenceBond14set_usdc_token
FN:234,_RNvMsQ_CskFAlqsG4ZKB_13credence_bondNtB5_12CredenceBond14transfer_admin
FN:1214,_RNvMsQ_CskFAlqsG4ZKB_13credence_bondNtB5_12CredenceBond14withdraw_early
[...]
FNDA:0,_RNvNtCs797NzpV75uh_13credence_bond12upgrade_auth19get_upgrade_history
FNDA:0,_RNvNtCs797NzpV75uh_13credence_bond12upgrade_auth19revoke_upgrade_auth
FNDA:0,_RNvNtCs797NzpV75uh_13credence_bond12upgrade_auth20accept_upgrade_admin
FNDA:0,_RNvNtCs797NzpV75uh_13credence_bond12upgrade_auth20get_upgrade_proposal
FNDA:0,_RNvNtCs797NzpV75uh_13credence_bond12upgrade_auth20require_upgrade_auth
FNDA:0,_RNvNtCs797NzpV75uh_13credence_bond12upgrade_auth21require_upgrade_admin
FNDA:0,_RNvNtCs797NzpV75uh_13credence_bond12upgrade_auth22is_authorized_upgrader
FNDA:0,_RNvNtCs797NzpV75uh_13credence_bond12upgrade_auth22transfer_upgrade_admin
FNDA:13,_RNvNtCs797NzpV75uh_13credence_bond12upgrade_auth23initialize_upgrade_auth
FNDA:0,_RNvNtCs797NzpV75uh_13credence_bond12upgrade_auth24approve_upgrade_proposal
FNDA:0,_RNvNtCs797NzpV75uh_13credence_bond12upgrade_auth24get_authorized_upgraders
FNDA:0,_RNvNtCs797NzpV75uh_13credence_bond12upgrade_auth25get_pending_upgrade_admin
FNF:44
FNH:14
DA:16,0
DA:26,0
DA:44,0
DA:66,0
DA:82,0
DA:102,0
DA:103,0
DA:104,0
DA:106,0
DA:107,0
DA:108,0
DA:110,0
DA:111,0
DA:112,0
DA:114,0
DA:115,0
DA:116,0
DA:119,0
DA:120,0
DA:121,0
DA:124,0
DA:125,0
DA:126,0
DA:128,0
DA:129,0
DA:130,0
DA:132,0
DA:133,0
DA:134,0
DA:138,0
DA:161,477
DA:162,477
DA:163,0
DA:164,477
DA:167,477
DA:170,477
DA:171,477
DA:172,477
DA:173,477
DA:174,477
DA:175,477
DA:176,477
DA:177,477
DA:179,477
DA:180,477
DA:181,477
DA:184,477
DA:185,477
DA:186,477
DA:187,477
DA:188,477
DA:191,477
DA:194,477
DA:195,477
DA:196,477
DA:198,477
DA:199,477
DA:214,12
DA:215,12
DA:216,12
DA:217,12
DA:218,12
DA:219,12
DA:220,12
DA:221,12
DA:222,12
DA:225,12
DA:226,12
DA:227,12
DA:229,0
DA:230,12
DA:233,12
DA:234,0
DA:235,0
DA:236,0
DA:237,0
DA:238,12
DA:240,12
DA:241,12
DA:242,12
DA:243,12
DA:244,12
DA:245,12
DA:246,12
DA:247,12
DA:250,12
DA:251,12
DA:252,12
DA:255,12
DA:256,7
DA:257,7
DA:258,7
DA:259,7
DA:260,7
DA:261,7
DA:262,7
DA:263,7
DA:264,7
DA:265,7
DA:267,12
DA:268,12
DA:281,2
DA:282,2
DA:283,2
DA:285,2
DA:286,2
DA:287,2
DA:288,2
DA:289,2
DA:292,2
DA:293,1
DA:294,1
DA:295,1
DA:296,1
DA:297,1
DA:299,1
DA:300,1
DA:301,0
DA:304,0
DA:305,0
DA:306,0
DA:307,0
DA:308,0
DA:309,0
DA:311,0
DA:312,0
DA:313,0
DA:314,1
DA:317,1
DA:318,1
DA:319,1
DA:320,1
DA:322,1
DA:323,1
DA:333,15
DA:334,15
DA:335,15
DA:336,15
DA:337,15
DA:339,14
DA:340,14
DA:341,1
DA:342,13
DA:345,13
DA:346,1
DA:347,12
DA:349,12
DA:351,1
DA:353,15
DA:363,2
DA:364,2
DA:365,2
DA:366,2
DA:367,2
DA:368,2
DA:369,2
DA:370,2
DA:380,16
DA:381,16
DA:382,16
DA:383,16
DA:384,16
DA:385,16
DA:387,16
DA:388,1
DA:389,15
DA:390,15
DA:401,8
DA:402,8
DA:403,2
DA:404,6
DA:405,6
DA:422,3
DA:423,3
DA:424,3
DA:425,3
DA:426,3
DA:427,3
DA:428,3
DA:429,3
DA:432,3
DA:433,3
DA:434,3
DA:435,3
DA:436,3
DA:438,3
DA:439,0
DA:440,3
DA:443,3
DA:444,0
DA:445,3
DA:451,3
DA:452,3
DA:453,3
DA:454,3
DA:455,3
DA:456,3
DA:457,3
DA:458,3
DA:459,3
DA:462,3
DA:463,3
DA:464,3
DA:465,3
DA:466,3
DA:467,3
DA:468,3
DA:469,3
DA:470,3
DA:471,3
DA:474,3
DA:475,3
DA:476,3
DA:478,3
DA:480,3
DA:481,3
DA:495,3
DA:496,3
DA:497,3
DA:499,3
DA:500,3
DA:501,3
DA:502,3
DA:503,3
DA:505,3
DA:506,0
DA:507,3
DA:510,3
DA:511,1
DA:512,0
DA:513,1
DA:517,3
DA:520,3
DA:521,2
DA:522,2
DA:525,3
DA:526,3
DA:527,3
DA:529,3
DA:530,3
DA:544,5
DA:545,5
DA:546,5
DA:547,5
DA:548,5
DA:549,5
DA:550,5
DA:551,5
DA:554,5
DA:555,3
DA:556,3
DA:557,3
DA:558,3
DA:559,3
DA:561,3
DA:562,2
DA:563,1
DA:565,1
DA:566,0
DA:567,1
DA:570,1
DA:571,1
DA:572,1
DA:573,1
DA:574,1
DA:575,2
DA:578,3
DA:579,3
DA:580,3
DA:581,3
DA:582,3
DA:585,3
DA:586,0
DA:587,3
DA:590,3
DA:591,3
DA:592,3
DA:593,3
DA:594,3
DA:595,3
DA:596,3
DA:598,3
DA:599,3
DA:600,3
DA:601,3
DA:602,3
DA:603,3
DA:604,3
DA:605,3
DA:606,3
DA:609,3
DA:610,3
DA:611,3
DA:613,3
DA:614,3
DA:623,1
DA:624,1
DA:625,1
DA:626,1
DA:627,1
DA:628,1
DA:638,0
DA:639,0
DA:640,0
DA:641,0
DA:642,0
DA:643,0
DA:653,0
DA:654,0
DA:655,0
DA:656,0
DA:657,0
DA:658,0
DA:667,0
DA:668,0
DA:669,0
DA:670,0
DA:671,0
DA:672,0
DA:681,0
DA:682,0
DA:683,0
DA:684,0
DA:685,0
DA:686,0
DA:688,2
DA:689,2
DA:690,2
DA:692,2
DA:693,1
DA:694,1
DA:697,1
DA:698,1
DA:699,0
DA:700,1
DA:702,1
DA:703,1
DA:704,1
DA:706,1
DA:707,1
DA:710,1
DA:711,1
DA:712,1
DA:713,1
DA:714,1
DA:715,1
DA:716,1
DA:718,1
DA:719,0
DA:720,1
DA:722,1
DA:723,1
DA:724,1
DA:725,1
DA:726,1
DA:729,1
DA:732,1
DA:733,1
DA:734,1
DA:735,1
DA:736,1
DA:737,1
DA:738,1
DA:739,1
DA:741,1
DA:742,1
DA:743,1
DA:746,1
DA:747,1
DA:748,1
DA:749,1
DA:750,1
DA:752,1
DA:753,1
DA:754,1
DA:755,0
DA:756,0
DA:757,1
DA:759,1
DA:760,1
DA:761,1
DA:762,1
DA:763,1
DA:764,1
DA:767,1
DA:769,1
DA:770,1
DA:773,2
DA:774,2
DA:775,2
BRF:0
BRH:0
LF:402
LH:310
end_of_record
SF:/home/robi/Desktop/Credence-Contracts/contracts/credence_bond/src/validation.rs
FN:120,_RNvNtNtCskFAlqsG4ZKB_13credence_bond10validation5testss_29test_validate_recipient_valid
FN:101,_RNvNtNtCskFAlqsG4ZKB_13credence_bond10validation5testss_30test_validate_bond_amount_zero
FN:86,_RNvNtNtCskFAlqsG4ZKB_13credence_bond10validation5testss_31test_validate_bond_amount_valid
FN:107,_RNvNtNtCskFAlqsG4ZKB_13credence_bond10validation5testss_34test_validate_bond_amount_negative
FN:130,_RNvNtNtCskFAlqsG4ZKB_13credence_bond10validation5testss_37test_validate_recipient_self_transfer
FN:113,_RNvNtNtCskFAlqsG4ZKB_13credence_bond10validation5testss_39test_validate_bond_amount_above_maximum
FN:95,_RNvNtNtCskFAlqsG4ZKB_13credence_bond10validation5testss_39test_validate_bond_amount_below_minimum
FN:32,_RNvNtCskFAlqsG4ZKB_13credence_bond10validation18validate_recipient
FN:59,_RNvNtCskFAlqsG4ZKB_13credence_bond10validation20validate_bond_amount
FN:163,_RNvNtCskFAlqsG4ZKB_13credence_bond10validation22validate_bond_duration
FN:32,_RNvNtCs797NzpV75uh_13credence_bond10validation18validate_recipient
FN:59,_RNvNtCs797NzpV75uh_13credence_bond10validation20validate_bond_amount
FN:163,_RNvNtCs797NzpV75uh_13credence_bond10validation22validate_bond_duration
FNDA:1,_RNvNtNtCskFAlqsG4ZKB_13credence_bond10validation5testss_29test_validate_recipient_valid
FNDA:1,_RNvNtNtCskFAlqsG4ZKB_13credence_bond10validation5testss_30test_validate_bond_amount_zero
FNDA:1,_RNvNtNtCskFAlqsG4ZKB_13credence_bond10validation5testss_31test_validate_bond_amount_valid
FNDA:1,_RNvNtNtCskFAlqsG4ZKB_13credence_bond10validation5testss_34test_validate_bond_amount_negative
FNDA:1,_RNvNtNtCskFAlqsG4ZKB_13credence_bond10validation5testss_37test_validate_recipient_self_transfer
FNDA:1,_RNvNtNtCskFAlqsG4ZKB_13credence_bond10validation5testss_39test_validate_bond_amount_above_maximum
FNDA:1,_RNvNtNtCskFAlqsG4ZKB_13credence_bond10validation5testss_39test_validate_bond_amount_below_minimum
FNDA:2,_RNvNtCskFAlqsG4ZKB_13credence_bond10validation18validate_recipient
FNDA:1273,_RNvNtCskFAlqsG4ZKB_13credence_bond10validation20validate_bond_amount
FNDA:1053,_RNvNtCskFAlqsG4ZKB_13credence_bond10validation22validate_bond_duration
FNDA:0,_RNvNtCs797NzpV75uh_13credence_bond10validation18validate_recipient
FNDA:4,_RNvNtCs797NzpV75uh_13credence_bond10validation20validate_bond_amount
FNDA:4,_RNvNtCs797NzpV75uh_13credence_bond10validation22validate_bond_duration
FNF:10
FNH:10
DA:32,2
DA:35,2
DA:36,1
DA:37,1
DA:42,1
DA:59,1277
DA:60,1277
DA:61,143
DA:62,1134
DA:64,1134
DA:65,49
DA:69,1085
DA:71,1085
DA:72,26
DA:76,1059
DA:77,1059
DA:86,1
DA:88,1
DA:89,1
DA:90,1
DA:91,1
DA:95,1
DA:96,1
DA:97,1
DA:101,1
DA:102,1
DA:103,1
DA:107,1
DA:108,1
DA:109,1
DA:113,1
DA:114,1
DA:115,1
DA:120,1
DA:121,1
DA:122,1
DA:123,1
DA:125,1
DA:126,1
DA:130,1
DA:131,1
DA:132,1
DA:134,1
DA:135,1
DA:163,1057
DA:164,1057
DA:165,97
DA:166,960
DA:167,960
DA:168,548
DA:169,412
DA:170,412
BRF:0
BRH:0
LF:52
LH:52
end_of_record
SF:/home/robi/Desktop/Credence-Contracts/contracts/credence_bond/src/verifier.rs
FN:85,_RNvNtCskFAlqsG4ZKB_13credence_bond8verifier18is_verifier_active
FN:34,_RNvXs6_NtCskFAlqsG4ZKB_13credence_bond8verifierNtNtNtCs7FLbHJEh6JY_11stellar_xdr4curr9generated5ScValINtNtCs7dTDQl1DYhd_4core7convert7TryFromRNtB5_12VerifierInfoE8try_from
FN:279,_RNCNvNtCskFAlqsG4ZKB_13credence_bond8verifier14set_reputation0B5_
FN:249,_RNCNvNtCskFAlqsG4ZKB_13credence_bond8verifier14withdraw_stake0B5_
FN:266,_RNCNvNtCskFAlqsG4ZKB_13credence_bond8verifier14withdraw_stakes_0B5_
FN:205,_RNCNvNtCskFAlqsG4ZKB_13credence_bond8verifier19deactivate_verifier0B5_
FN:57,_RNvNtCskFAlqsG4ZKB_13credence_bond8verifier13get_min_stake
FN:345,_RNvNtCskFAlqsG4ZKB_13credence_bond8verifier13min_stake_key
FN:66,_RNvNtCskFAlqsG4ZKB_13credence_bond8verifier13set_min_stake
FN:278,_RNvNtCskFAlqsG4ZKB_13credence_bond8verifier14set_reputation
FN:244,_RNvNtCskFAlqsG4ZKB_13credence_bond8verifier14withdraw_stake
FN:168,_RNvNtCskFAlqsG4ZKB_13credence_bond8verifier15register_legacy
FN:77,_RNvNtCskFAlqsG4ZKB_13credence_bond8verifier17get_verifier_info
FN:357,_RNvNtCskFAlqsG4ZKB_13credence_bond8verifier17put_verifier_info
FN:361,_RNvNtCskFAlqsG4ZKB_13credence_bond8verifier17set_verifier_role
FN:203,_RNvNtCskFAlqsG4ZKB_13credence_bond8verifier19deactivate_verifier
FN:102,_RNvNtCskFAlqsG4ZKB_13credence_bond8verifier19register_with_stake
FN:225,_RNvNtCskFAlqsG4ZKB_13credence_bond8verifier20deactivate_if_exists
FN:402,_RNvNtCskFAlqsG4ZKB_13credence_bond8verifier21emit_reputation_event
FN:375,_RNvNtCskFAlqsG4ZKB_13credence_bond8verifier23emit_registration_event
FN:295,_RNvNtCskFAlqsG4ZKB_13credence_bond8verifier25record_attestation_issued
FN:320,_RNvNtCskFAlqsG4ZKB_13credence_bond8verifier26record_attestation_revoked
FN:349,_RNvNtCskFAlqsG4ZKB_13credence_bond8verifier8info_key
FN:353,_RNvNtCskFAlqsG4ZKB_13credence_bond8verifier8role_key
FN:57,_RNvNtCs797NzpV75uh_13credence_bond8verifier13get_min_stake
FN:345,_RNvNtCs797NzpV75uh_13credence_bond8verifier13min_stake_key
FN:66,_RNvNtCs797NzpV75uh_13credence_bond8verifier13set_min_stake
FN:278,_RNvNtCs797NzpV75uh_13credence_bond8verifier14set_reputation
FN:244,_RNvNtCs797NzpV75uh_13credence_bond8verifier14withdraw_stake
FN:168,_RNvNtCs797NzpV75uh_13credence_bond8verifier15register_legacy
FN:77,_RNvNtCs797NzpV75uh_13credence_bond8verifier17get_verifier_info
FN:357,_RNvNtCs797NzpV75uh_13credence_bond8verifier17put_verifier_info
FN:361,_RNvNtCs797NzpV75uh_13credence_bond8verifier17set_verifier_role
FN:85,_RNvNtCs797NzpV75uh_13credence_bond8verifier18is_verifier_active
FN:203,_RNvNtCs797NzpV75uh_13credence_bond8verifier19deactivate_verifier
FN:102,_RNvNtCs797NzpV75uh_13credence_bond8verifier19register_with_stake
FN:225,_RNvNtCs797NzpV75uh_13credence_bond8verifier20deactivate_if_exists
FN:402,_RNvNtCs797NzpV75uh_13credence_bond8verifier21emit_reputation_event
FN:375,_RNvNtCs797NzpV75uh_13credence_bond8verifier23emit_registration_event
FN:295,_RNvNtCs797NzpV75uh_13credence_bond8verifier25record_attestation_issued
FN:320,_RNvNtCs797NzpV75uh_13credence_bond8verifier26record_attestation_revoked
FN:349,_RNvNtCs797NzpV75uh_13credence_bond8verifier8info_key
FN:353,_RNvNtCs797NzpV75uh_13credence_bond8verifier8role_key
FN:279,_RNCNvNtCs797NzpV75uh_13credence_bond8verifier14set_reputation0B5_
FN:249,_RNCNvNtCs797NzpV75uh_13credence_bond8verifier14withdraw_stake0B5_
FN:266,_RNCNvNtCs797NzpV75uh_13credence_bond8verifier14withdraw_stakes_0B5_
FN:205,_RNCNvNtCs797NzpV75uh_13credence_bond8verifier19deactivate_verifier0B5_
FN:34,_RNvXs6_NtCs797NzpV75uh_13credence_bond8verifierNtNtNtCs7FLbHJEh6JY_11stellar_xdr4curr9generated5ScValINtNtCs7dTDQl1DYhd_4core7convert7TryFromRNtB5_12VerifierInfoE8try_from
FNDA:0,_RNvNtCskFAlqsG4ZKB_13credence_bond8verifier18is_verifier_active
FNDA:0,_RNvXs6_NtCskFAlqsG4ZKB_13credence_bond8verifierNtNtNtCs7FLbHJEh6JY_11stellar_xdr4curr9generated5ScValINtNtCs7dTDQl1DYhd_4core7convert7TryFromRNtB5_12VerifierInfoE8try_from
FNDA:0,_RNCNvNtCskFAlqsG4ZKB_13credence_bond8verifier14set_reputation0B5_
FNDA:0,_RNCNvNtCskFAlqsG4ZKB_13credence_bond8verifier14withdraw_stake0B5_
FNDA:0,_RNCNvNtCskFAlqsG4ZKB_13credence_bond8verifier14withdraw_stakes_0B5_
FNDA:0,_RNCNvNtCskFAlqsG4ZKB_13credence_bond8verifier19deactivate_verifier0B5_
FNDA:74,_RNvNtCskFAlqsG4ZKB_13credence_bond8verifier13get_min_stake
FNDA:84,_RNvNtCskFAlqsG4ZKB_13credence_bond8verifier13min_stake_key
FNDA:10,_RNvNtCskFAlqsG4ZKB_13credence_bond8verifier13set_min_stake
FNDA:0,_RNvNtCskFAlqsG4ZKB_13credence_bond8verifier14set_reputation
FNDA:3,_RNvNtCskFAlqsG4ZKB_13credence_bond8verifier14withdraw_stake
FNDA:61,_RNvNtCskFAlqsG4ZKB_13credence_bond8verifier15register_legacy
FNDA:152,_RNvNtCskFAlqsG4ZKB_13credence_bond8verifier17get_verifier_info
FNDA:142,_RNvNtCskFAlqsG4ZKB_13credence_bond8verifier17put_verifier_info
FNDA:75,_RNvNtCskFAlqsG4ZKB_13credence_bond8verifier17set_verifier_role
FNDA:5,_RNvNtCskFAlqsG4ZKB_13credence_bond8verifier19deactivate_verifier
FNDA:12,_RNvNtCskFAlqsG4ZKB_13credence_bond8verifier19register_with_stake
FNDA:2,_RNvNtCskFAlqsG4ZKB_13credence_bond8verifier20deactivate_if_exists
FNDA:65,_RNvNtCskFAlqsG4ZKB_13credence_bond8verifier21emit_reputation_event
FNDA:70,_RNvNtCskFAlqsG4ZKB_13credence_bond8verifier23emit_registration_event
FNDA:56,_RNvNtCskFAlqsG4ZKB_13credence_bond8verifier25record_attestation_issued
FNDA:9,_RNvNtCskFAlqsG4ZKB_13credence_bond8verifier26record_attestation_revoked
FNDA:294,_RNvNtCskFAlqsG4ZKB_13credence_bond8verifier8info_key
FNDA:75,_RNvNtCskFAlqsG4ZKB_13credence_bond8verifier8role_key
FNDA:8,_RNvNtCs797NzpV75uh_13credence_bond8verifier13get_min_stake
FNDA:8,_RNvNtCs797NzpV75uh_13credence_bond8verifier13min_stake_key
FNDA:0,_RNvNtCs797NzpV75uh_13credence_bond8verifier13set_min_stake
FNDA:0,_RNvNtCs797NzpV75uh_13credence_bond8verifier14set_reputation
FNDA:0,_RNvNtCs797NzpV75uh_13credence_bond8verifier14withdraw_stake
FNDA:8,_RNvNtCs797NzpV75uh_13credence_bond8verifier15register_legacy
FNDA:20,_RNvNtCs797NzpV75uh_13credence_bond8verifier17get_verifier_info
FNDA:20,_RNvNtCs797NzpV75uh_13credence_bond8verifier17put_verifier_info
FNDA:8,_RNvNtCs797NzpV75uh_13credence_bond8verifier17set_verifier_role
FNDA:0,_RNvNtCs797NzpV75uh_13credence_bond8verifier18is_verifier_active
FNDA:0,_RNvNtCs797NzpV75uh_13credence_bond8verifier19deactivate_verifier
FNDA:0,_RNvNtCs797NzpV75uh_13credence_bond8verifier19register_with_stake
FNDA:0,_RNvNtCs797NzpV75uh_13credence_bond8verifier20deactivate_if_exists
FNDA:12,_RNvNtCs797NzpV75uh_13credence_bond8verifier21emit_reputation_event
FNDA:8,_RNvNtCs797NzpV75uh_13credence_bond8verifier23emit_registration_event
FNDA:12,_RNvNtCs797NzpV75uh_13credence_bond8verifier25record_attestation_issued
FNDA:0,_RNvNtCs797NzpV75uh_13credence_bond8verifier26record_attestation_revoked
FNDA:40,_RNvNtCs797NzpV75uh_13credence_bond8verifier8info_key
FNDA:8,_RNvNtCs797NzpV75uh_13credence_bond8verifier8role_key
FNDA:0,_RNCNvNtCs797NzpV75uh_13credence_bond8verifier14set_reputation0B5_
FNDA:0,_RNCNvNtCs797NzpV75uh_13credence_bond8verifier14withdraw_stake0B5_
FNDA:0,_RNCNvNtCs797NzpV75uh_13credence_bond8verifier14withdraw_stakes_0B5_
FNDA:0,_RNCNvNtCs797NzpV75uh_13credence_bond8verifier19deactivate_verifier0B5_
FNDA:0,_RNvXs6_NtCs797NzpV75uh_13credence_bond8verifierNtNtNtCs7FLbHJEh6JY_11stellar_xdr4curr9generated5ScValINtNtCs7dTDQl1DYhd_4core7convert7TryFromRNtB5_12VerifierInfoE8try_from
FNF:24
FNH:17
DA:34,0
DA:57,82
DA:58,82
DA:59,82
DA:66,10
DA:67,10
DA:68,0
DA:69,10
DA:70,10
DA:71,10
DA:72,10
DA:73,10
DA:77,172
DA:78,172
DA:79,172
DA:80,172
DA:81,172
DA:85,0
DA:86,0
DA:87,0
DA:88,0
DA:89,0
DA:102,12
DA:103,12
DA:104,0
DA:105,12
DA:107,12
DA:108,12
DA:111,12
DA:112,12
DA:114,9
DA:115,9
DA:116,1
DA:117,8
DA:118,8
DA:119,8
DA:120,8
DA:121,8
DA:122,8
DA:123,8
DA:124,8
DA:125,8
DA:126,8
DA:127,8
DA:128,8
DA:129,8
DA:131,3
DA:132,3
DA:134,2
DA:135,1
DA:136,1
DA:137,1
DA:138,1
DA:141,1
DA:142,1
DA:143,1
DA:144,0
DA:145,0
DA:146,0
DA:147,0
DA:153,9
DA:154,9
DA:155,9
DA:158,9
DA:159,9
DA:160,9
DA:162,9
DA:163,9
DA:164,9
DA:168,69
DA:169,69
DA:170,69
DA:171,69
DA:172,69
DA:173,69
DA:174,69
DA:175,69
DA:176,69
DA:177,69
DA:178,69
DA:179,69
DA:180,69
DA:181,69
DA:183,69
DA:184,69
DA:185,69
DA:187,69
DA:188,69
DA:189,69
DA:191,69
DA:192,69
DA:193,69
DA:195,69
DA:196,69
DA:203,5
DA:204,5
DA:205,5
DA:206,5
DA:207,0
DA:208,5
DA:209,5
DA:210,5
DA:213,5
DA:214,5
DA:216,5
DA:217,5
DA:218,5
DA:220,5
DA:221,5
DA:225,2
DA:226,2
DA:227,2
DA:228,2
DA:229,2
DA:230,0
DA:231,0
DA:232,2
DA:233,0
DA:234,0
DA:235,2
DA:244,3
DA:245,3
DA:246,0
DA:247,3
DA:249,3
DA:250,3
DA:251,1
DA:252,2
DA:253,2
DA:254,0
DA:255,2
DA:258,2
DA:259,2
DA:260,2
DA:262,2
DA:263,2
DA:264,2
DA:265,2
DA:266,2
DA:268,2
DA:270,2
DA:271,2
DA:272,2
DA:274,2
DA:275,2
DA:278,0
DA:279,0
DA:280,0
DA:281,0
DA:282,0
DA:284,0
DA:285,0
DA:286,0
DA:287,0
DA:288,0
DA:289,0
DA:291,0
DA:295,68
DA:296,68
DA:297,68
DA:298,68
DA:299,68
DA:300,68
DA:301,68
DA:302,68
DA:303,68
DA:304,68
DA:305,68
DA:306,68
DA:308,68
DA:309,68
DA:310,68
DA:311,68
DA:312,68
DA:313,68
DA:315,68
DA:316,68
DA:320,9
DA:321,9
DA:323,9
DA:324,0
DA:327,9
DA:328,9
DA:329,9
DA:330,9
DA:331,9
DA:332,9
DA:334,9
DA:335,9
DA:345,92
DA:346,92
DA:347,92
DA:349,334
DA:350,334
DA:351,334
DA:353,83
DA:354,83
DA:355,83
DA:357,162
DA:358,162
DA:359,162
DA:361,83
DA:362,83
DA:363,83
DA:364,5
DA:365,5
DA:366,5
DA:367,5
DA:368,78
DA:369,78
DA:370,78
DA:371,78
DA:372,78
DA:373,83
DA:375,78
DA:376,78
DA:377,78
DA:378,78
DA:379,78
DA:380,78
DA:381,78
DA:382,78
DA:383,78
DA:384,77
DA:385,0
DA:386,1
DA:389,78
DA:390,8
DA:391,0
DA:392,1
DA:393,69
DA:396,78
DA:397,78
DA:398,78
DA:400,78
DA:402,77
DA:403,77
DA:404,77
DA:405,77
DA:406,77
DA:407,77
DA:408,77
DA:409,77
DA:410,77
DA:411,77
DA:412,77
DA:413,77
DA:414,77
DA:415,77
DA:416,77
DA:417,77
DA:419,77
BRF:0
BRH:0
LF:256
LH:218
end_of_record
SF:/home/robi/Desktop/Credence-Contracts/contracts/credence_bond/src/weighted_attestation.rs
FN:73,_RNvNtCskFAlqsG4ZKB_13credence_bond20weighted_attestation14compute_weight
FN:32,_RNvNtCskFAlqsG4ZKB_13credence_bond20weighted_attestation17get_weight_config
FN:41,_RNvNtCskFAlqsG4ZKB_13credence_bond20weighted_attestation17set_weight_config
FN:26,_RNvNtCskFAlqsG4ZKB_13credence_bond20weighted_attestation17weight_config_key
FN:50,_RNvNtCskFAlqsG4ZKB_13credence_bond20weighted_attestation18get_attester_stake
FN:61,_RNvNtCskFAlqsG4ZKB_13credence_bond20weighted_attestation18set_attester_stake
FN:73,_RNvNtCs797NzpV75uh_13credence_bond20weighted_attestation14compute_weight
FN:32,_RNvNtCs797NzpV75uh_13credence_bond20weighted_attestation17get_weight_config
FN:41,_RNvNtCs797NzpV75uh_13credence_bond20weighted_attestation17set_weight_config
FN:26,_RNvNtCs797NzpV75uh_13credence_bond20weighted_attestation17weight_config_key
FN:50,_RNvNtCs797NzpV75uh_13credence_bond20weighted_attestation18get_attester_stake
FN:61,_RNvNtCs797NzpV75uh_13credence_bond20weighted_attestation18set_attester_stake
FNDA:57,_RNvNtCskFAlqsG4ZKB_13credence_bond20weighted_attestation14compute_weight
FNDA:59,_RNvNtCskFAlqsG4ZKB_13credence_bond20weighted_attestation17get_weight_config
FNDA:7,_RNvNtCskFAlqsG4ZKB_13credence_bond20weighted_attestation17set_weight_config
FNDA:66,_RNvNtCskFAlqsG4ZKB_13credence_bond20weighted_attestation17weight_config_key
FNDA:58,_RNvNtCskFAlqsG4ZKB_13credence_bond20weighted_attestation18get_attester_stake
FNDA:78,_RNvNtCskFAlqsG4ZKB_13credence_bond20weighted_attestation18set_attester_stake
FNDA:12,_RNvNtCs797NzpV75uh_13credence_bond20weighted_attestation14compute_weight
FNDA:12,_RNvNtCs797NzpV75uh_13credence_bond20weighted_attestation17get_weight_config
FNDA:0,_RNvNtCs797NzpV75uh_13credence_bond20weighted_attestation17set_weight_config
FNDA:12,_RNvNtCs797NzpV75uh_13credence_bond20weighted_attestation17weight_config_key
FNDA:12,_RNvNtCs797NzpV75uh_13credence_bond20weighted_attestation18get_attester_stake
FNDA:8,_RNvNtCs797NzpV75uh_13credence_bond20weighted_attestation18set_attester_stake
FNF:6
FNH:6
DA:26,78
DA:27,78
DA:28,78
DA:32,71
DA:33,71
DA:34,71
DA:35,71
DA:36,71
DA:37,71
DA:41,7
DA:42,7
DA:43,7
DA:44,7
DA:45,7
DA:46,7
DA:50,70
DA:51,70
DA:52,70
DA:53,70
DA:54,70
DA:55,70
DA:61,86
DA:62,86
DA:63,1
DA:64,85
DA:65,85
DA:66,85
DA:67,85
DA:68,85
DA:73,69
DA:76,69
DA:77,69
DA:79,69
DA:80,62
DA:81,7
DA:84,7
DA:85,7
DA:86,7
DA:87,7
DA:88,69
BRF:0
BRH:0
LF:40
LH:40
end_of_record